2025-07-26 01:48:25,275 [INFO] LogOutputStream:77 - [STDOUT_REDIRECT] This download action requires prior login. To proceed, please use the 'login' command with your my.st.com account email and password.
2025-07-26 01:48:25,284 [INFO] LogOutputStream:77 - [STDOUT_REDIRECT] Run 'login <email> <password> <remember_me>' for example 'login john.smith@st.com mypassword y'.
2025-07-26 01:48:25,285 [INFO] LogOutputStream:77 - [STDOUT_REDIRECT] If you do not have a my.st.com account, please visit https://st.com website to create one.
2025-07-26 01:49:44,344 [INFO] UtilMem:75 - End SaveConfig() Used Memory: 734920712 Bytes (989855744)
2025-07-26 02:13:13,027 [INFO] WebApp:194 - Connection lost
2025-07-26 02:13:13,341 [INFO] WebApp:191 - Connection restablished
2025-07-26 02:13:16,202 [INFO] WebApp:194 - Connection lost
2025-07-26 02:13:16,308 [INFO] WebApp:191 - Connection restablished
2025-07-26 02:13:21,655 [INFO] WebApp:194 - Connection lost
2025-07-26 02:13:25,778 [INFO] WebApp:191 - Connection restablished
2025-07-26 03:07:52,582 [INFO] WebApp:194 - Connection lost
2025-07-26 03:07:56,718 [INFO] WebApp:191 - Connection restablished
2025-07-26 03:15:44,333 [INFO] WebApp:194 - Connection lost
2025-07-26 03:15:56,890 [INFO] WebApp:191 - Connection restablished
2025-07-26 15:09:57,137 [INFO] WebApp:194 - Connection lost
2025-07-26 15:09:59,308 [INFO] WebApp:191 - Connection restablished
2025-07-26 15:10:04,870 [INFO] WebApp:194 - Connection lost
2025-07-26 15:10:05,009 [INFO] WebApp:191 - Connection restablished
2025-07-26 15:10:10,869 [INFO] WebApp:194 - Connection lost
2025-07-26 15:10:13,778 [INFO] WebApp:191 - Connection restablished
2025-07-26 15:10:14,142 [INFO] WebApp:194 - Connection lost
2025-07-26 15:10:14,232 [INFO] WebApp:191 - Connection restablished
2025-07-26 15:11:49,648 [INFO] WebApp:194 - Connection lost
2025-07-26 15:11:49,773 [INFO] WebApp:191 - Connection restablished
2025-07-26 15:41:38,991 [INFO] UtilMem:75 - End SaveConfig() Used Memory: 833422264 Bytes (1073741824)
2025-07-26 16:05:40,947 [INFO] UtilMem:75 - End SaveConfig() Used Memory: 434005176 Bytes (1073741824)
2025-07-26 16:52:05,235 [ERROR] LogOutputStream:75 - [STDERR_REDIRECT] 
2025-07-26 16:52:18,762 [INFO] Activator:176 - 


2025-07-26 16:52:18,764 [INFO] Activator:177 - !SESSION log4j initialized
2025-07-26 16:52:24,189 [INFO] LogOutputStream:77 - [STDOUT_REDIRECT] 
2025-07-26 16:52:36,163 [INFO] ApplicationProperties:184 - Using Application install path: C:\ST\STM32CubeIDE_1.18.1\STM32CubeIDE\plugins\com.st.stm32cube.common.mx_6.15.0.202507011659
2025-07-26 16:52:36,184 [INFO] DbMcusXml:78 - Set database path to: C:\ST\STM32CubeIDE_1.18.1\STM32CubeIDE\plugins\com.st.stm32cube.common.mx_6.15.0.202507011659\\db\/mcu/
2025-07-26 16:52:36,184 [INFO] ApiDb:274 - Set plugin database path to: C:\ST\STM32CubeIDE_1.18.1\STM32CubeIDE\plugins\com.st.stm32cube.common.mx_6.15.0.202507011659\\db\/plugins/boardmanager/
2025-07-26 16:52:36,184 [WARN] ApiDb:259 - Overriding images path with different value:  => C:\ST\STM32CubeIDE_1.18.1\STM32CubeIDE\plugins\com.st.stm32cube.common.mx_6.15.0.202507011659\\db\/plugins/mcufinder/images/
2025-07-26 16:52:36,193 [INFO] ApiDb:250 - Set database path to: C:\Users\micom\.stmcufinder\plugins\mcufinder//mcu/
2025-07-26 16:52:36,194 [INFO] DbMcusAds:125 - Set database path to: C:\Users\micom\.stmcufinder\plugins\mcufinder//mcu/
2025-07-26 16:52:36,197 [INFO] CrossReferenceDbSqlite:203 - Set database path to: C:\Users\micom\.stmcufinder\plugins\mcufinder//mcu/cs/
2025-07-26 16:52:36,307 [INFO] RulesReader:64 - Compatibility file has been processed (317 Rules)
2025-07-26 16:52:36,407 [INFO] DbMcusXml:78 - Set database path to: C:\ST\STM32CubeIDE_1.18.1\STM32CubeIDE\plugins\com.st.stm32cube.common.mx_6.15.0.202507011659\\db\/mcu/
2025-07-26 16:52:36,408 [INFO] ApiDb:274 - Set plugin database path to: C:\ST\STM32CubeIDE_1.18.1\STM32CubeIDE\plugins\com.st.stm32cube.common.mx_6.15.0.202507011659\\db\/plugins/boardmanager/
2025-07-26 16:52:36,408 [INFO] ApiDb:261 - Set plugin images path to: C:\ST\STM32CubeIDE_1.18.1\STM32CubeIDE\plugins\com.st.stm32cube.common.mx_6.15.0.202507011659\\db\/plugins/mcufinder/images/
2025-07-26 16:52:36,408 [WARN] DbFile:41 - Overriding database path with different value: C:\Users\micom\.stmcufinder\plugins\mcufinder/ => C:\Users\micom\.stmcufinder\plugins\mcufinder
2025-07-26 16:52:36,408 [INFO] ApiDb:250 - Set database path to: C:\Users\micom\.stmcufinder\plugins\mcufinder//mcu/
2025-07-26 16:52:36,408 [WARN] DbFile:41 - Overriding database path with different value: C:\Users\micom\.stmcufinder\plugins\mcufinder/ => C:\Users\micom\.stmcufinder\plugins\mcufinder
2025-07-26 16:52:36,408 [INFO] DbMcusAds:125 - Set database path to: C:\Users\micom\.stmcufinder\plugins\mcufinder//mcu/
2025-07-26 16:52:36,408 [WARN] DbFile:41 - Overriding database path with different value: C:\Users\micom\.stmcufinder\plugins\mcufinder/ => C:\Users\micom\.stmcufinder\plugins\mcufinder
2025-07-26 16:52:36,408 [WARN] DbFile:41 - Overriding database path with different value: C:\Users\micom\.stmcufinder\plugins\mcufinder/ => C:\Users\micom\.stmcufinder\plugins\mcufinder
2025-07-26 16:52:36,408 [INFO] CrossReferenceDbSqlite:203 - Set database path to: C:\Users\micom\.stmcufinder\plugins\mcufinder//mcu/cs/
2025-07-26 16:52:36,490 [INFO] MainPanel:274 - HeapMemory: 268435456
2025-07-26 16:52:36,612 [INFO] DbMcusXml:78 - Set database path to: C:\ST\STM32CubeIDE_1.18.1\STM32CubeIDE\plugins\com.st.stm32cube.common.mx_6.15.0.202507011659\\db\/mcu/
2025-07-26 16:52:36,613 [INFO] ApiDb:274 - Set plugin database path to: C:\ST\STM32CubeIDE_1.18.1\STM32CubeIDE\plugins\com.st.stm32cube.common.mx_6.15.0.202507011659\\db\/plugins/boardmanager/
2025-07-26 16:52:36,613 [INFO] ApiDb:261 - Set plugin images path to: C:\ST\STM32CubeIDE_1.18.1\STM32CubeIDE\plugins\com.st.stm32cube.common.mx_6.15.0.202507011659\\db\/plugins/mcufinder/images/
2025-07-26 16:52:36,613 [WARN] DbFile:41 - Overriding database path with different value: C:\Users\micom\.stmcufinder\plugins\mcufinder/ => C:\Users\micom\.stmcufinder\plugins\mcufinder
2025-07-26 16:52:36,613 [INFO] ApiDb:250 - Set database path to: C:\Users\micom\.stmcufinder\plugins\mcufinder//mcu/
2025-07-26 16:52:36,613 [WARN] DbFile:41 - Overriding database path with different value: C:\Users\micom\.stmcufinder\plugins\mcufinder/ => C:\Users\micom\.stmcufinder\plugins\mcufinder
2025-07-26 16:52:36,613 [INFO] DbMcusAds:125 - Set database path to: C:\Users\micom\.stmcufinder\plugins\mcufinder//mcu/
2025-07-26 16:52:36,613 [WARN] DbFile:41 - Overriding database path with different value: C:\Users\micom\.stmcufinder\plugins\mcufinder/ => C:\Users\micom\.stmcufinder\plugins\mcufinder
2025-07-26 16:52:36,614 [WARN] DbFile:41 - Overriding database path with different value: C:\Users\micom\.stmcufinder\plugins\mcufinder/ => C:\Users\micom\.stmcufinder\plugins\mcufinder
2025-07-26 16:52:36,614 [INFO] CrossReferenceDbSqlite:203 - Set database path to: C:\Users\micom\.stmcufinder\plugins\mcufinder//mcu/cs/
2025-07-26 16:52:36,633 [INFO] ApplicationProperties:184 - Using Application install path: C:\ST\STM32CubeIDE_1.18.1\STM32CubeIDE\plugins\com.st.stm32cube.common.mx_6.15.0.202507011659
2025-07-26 16:52:36,634 [INFO] PluginManage:196 - Search for loadable plugins [exclusion list=, ]
2025-07-26 16:52:36,635 [INFO] PluginManage:310 - Check plugin analytics
2025-07-26 16:52:36,784 [INFO] AnalyticsPlugin:253 - Accepted Software Licenses: 
2025-07-26 16:52:36,784 [INFO] AnalyticsPlugin:255 - Accepted CMSIS Pack Licenses: 
2025-07-26 16:52:36,784 [INFO] AnalyticsPlugin:257 - Accepted Firmware Licenses: 
2025-07-26 16:52:36,787 [INFO] PluginManage:359 - Loaded plugin analytics (category:tool,tabindex:-1)
2025-07-26 16:52:36,788 [INFO] PluginManage:310 - Check plugin cadmodel
2025-07-26 16:52:36,794 [INFO] CADModel:105 - Init CAD model plugin
2025-07-26 16:52:36,794 [INFO] PluginManage:359 - Loaded plugin cadmodel (category:power,tabindex:5)
2025-07-26 16:52:36,795 [INFO] PluginManage:310 - Check plugin clock
2025-07-26 16:52:36,805 [INFO] PluginManage:359 - Loaded plugin clock (category:base,tabindex:2)
2025-07-26 16:52:36,805 [INFO] PluginManage:310 - Check plugin ddr
2025-07-26 16:52:36,808 [INFO] PluginManage:359 - Loaded plugin ddr (category:tool,tabindex:6)
2025-07-26 16:52:36,808 [INFO] PluginManage:310 - Check plugin filemanager
2025-07-26 16:52:36,940 [INFO] PluginManage:359 - Loaded plugin filemanager (category:base,tabindex:10)
2025-07-26 16:52:36,940 [INFO] PluginManage:310 - Check plugin ipmanager
2025-07-26 16:52:36,946 [INFO] PluginManage:359 - Loaded plugin ipmanager (category:base,tabindex:5)
2025-07-26 16:52:36,946 [INFO] PluginManage:310 - Check plugin lpbam
2025-07-26 16:52:36,953 [INFO] PluginManage:359 - Loaded plugin lpbam (category:base,tabindex:0)
2025-07-26 16:52:36,953 [INFO] PluginManage:310 - Check plugin memorymap
2025-07-26 16:52:36,964 [INFO] PluginManage:359 - Loaded plugin memorymap (category:base,tabindex:4)
2025-07-26 16:52:36,964 [INFO] PluginManage:310 - Check plugin pinoutandconfiguration
2025-07-26 16:52:36,970 [INFO] PluginManage:359 - Loaded plugin pinoutandconfiguration (category:base,tabindex:1)
2025-07-26 16:52:36,970 [INFO] PluginManage:310 - Check plugin pinoutconfig
2025-07-26 16:52:37,037 [WARN] SupportedApi:132 - Cannot load RTOS API schema: s4s-elt-must-match.1: The content of 'definitions' must match (annotation?, (simpleType | complexType)?, (unique | key | keyref)*)). A problem was found starting at: attribute.
2025-07-26 16:52:37,154 [INFO] PluginManage:359 - Loaded plugin pinoutconfig (category:base,tabindex:0)
2025-07-26 16:52:37,154 [INFO] PluginManage:310 - Check plugin power
2025-07-26 16:52:37,163 [INFO] PluginManage:359 - Loaded plugin power (category:power,tabindex:4)
2025-07-26 16:52:37,163 [INFO] PluginManage:310 - Check plugin projectmanager
2025-07-26 16:52:37,178 [INFO] PluginManage:359 - Loaded plugin projectmanager (category:projectmanager,tabindex:4)
2025-07-26 16:52:37,178 [INFO] PluginManage:310 - Check plugin rif
2025-07-26 16:52:37,189 [INFO] PluginManage:359 - Loaded plugin rif (category:base,tabindex:3)
2025-07-26 16:52:37,189 [INFO] PluginManage:310 - Check plugin thirdparty
2025-07-26 16:52:37,323 [INFO] PluginManage:359 - Loaded plugin thirdparty (category:base,tabindex:-1)
2025-07-26 16:52:37,323 [WARN] IntegrityCheckThread:84 - waiting for thirdparty lock release [integrity check]
2025-07-26 16:52:37,324 [INFO] PluginManage:310 - Check plugin tools
2025-07-26 16:52:37,324 [INFO] IntegrityCheckThread:86 - entering critical section [integrity check]
2025-07-26 16:52:37,324 [INFO] ThirdPartyUpdaterWithRetryManager:70 - Updater plugin not ready yet. [1/15]
2025-07-26 16:52:37,327 [INFO] PluginManage:359 - Loaded plugin tools (category:base,tabindex:7)
2025-07-26 16:52:37,327 [INFO] PluginManage:310 - Check plugin tutovideos
2025-07-26 16:52:37,506 [INFO] PluginManage:359 - Loaded plugin tutovideos (category:base,tabindex:-1)
2025-07-26 16:52:37,506 [INFO] PluginManage:310 - Check plugin updater
2025-07-26 16:52:37,526 [INFO] PluginManage:359 - Loaded plugin updater (category:base,tabindex:12)
2025-07-26 16:52:37,527 [INFO] PluginManage:310 - Check plugin userauth
2025-07-26 16:52:37,531 [INFO] UserAuth:118 - Init User Auth plugin
2025-07-26 16:52:37,532 [INFO] PluginManage:359 - Loaded plugin userauth (category:base,tabindex:14)
2025-07-26 16:52:37,532 [INFO] PluginManage:283 - PluginManage : Loaded plugins [18]
2025-07-26 16:52:37,759 [INFO] PinOutPanel:1589 - setPackage(No Configuration,No Configuration)
2025-07-26 16:52:37,837 [INFO] CADModel:165 - CPN selected for project level
2025-07-26 16:52:37,837 [INFO] CADModel:114 - Register for checkConnection events
2025-07-26 16:52:37,858 [INFO] IPUIPlugin:80 - create IPUIPlugin
2025-07-26 16:52:37,858 [INFO] PluginManager:220 - loadIPPluginJar : add adc
2025-07-26 16:52:37,863 [INFO] IPUIPlugin:80 - create IPUIPlugin
2025-07-26 16:52:37,863 [INFO] PluginManager:220 - loadIPPluginJar : add aes
2025-07-26 16:52:37,868 [INFO] IPUIPlugin:80 - create IPUIPlugin
2025-07-26 16:52:37,869 [INFO] PluginManager:220 - loadIPPluginJar : add can
2025-07-26 16:52:37,872 [INFO] IPUIPlugin:80 - create IPUIPlugin
2025-07-26 16:52:37,872 [INFO] PluginManager:220 - loadIPPluginJar : add comp
2025-07-26 16:52:37,876 [INFO] IPUIPlugin:80 - create IPUIPlugin
2025-07-26 16:52:37,876 [INFO] PluginManager:220 - loadIPPluginJar : add cryp
2025-07-26 16:52:37,882 [INFO] IPUIPlugin:80 - create IPUIPlugin
2025-07-26 16:52:37,883 [INFO] PluginManager:220 - loadIPPluginJar : add ddr_ctrl_phy
2025-07-26 16:52:37,887 [INFO] IPUIPlugin:80 - create IPUIPlugin
2025-07-26 16:52:37,887 [INFO] PluginManager:220 - loadIPPluginJar : add dfsdm
2025-07-26 16:52:37,896 [INFO] IPUIPlugin:80 - create IPUIPlugin
2025-07-26 16:52:37,897 [INFO] PluginManager:220 - loadIPPluginJar : add dma
2025-07-26 16:52:37,902 [INFO] IPUIPlugin:80 - create IPUIPlugin
2025-07-26 16:52:37,902 [INFO] PluginManager:220 - loadIPPluginJar : add dma3
2025-07-26 16:52:37,907 [INFO] IPUIPlugin:80 - create IPUIPlugin
2025-07-26 16:52:37,909 [INFO] PluginManager:220 - loadIPPluginJar : add extmemmanager
2025-07-26 16:52:37,910 [INFO] IPUIPlugin:80 - create IPUIPlugin
2025-07-26 16:52:37,911 [INFO] PluginManager:220 - loadIPPluginJar : add fatfs
2025-07-26 16:52:37,916 [INFO] IPUIPlugin:80 - create IPUIPlugin
2025-07-26 16:52:37,916 [INFO] PluginManager:220 - loadIPPluginJar : add fmc
2025-07-26 16:52:37,923 [INFO] IPUIPlugin:80 - create IPUIPlugin
2025-07-26 16:52:37,923 [INFO] PluginManager:220 - loadIPPluginJar : add freertos
2025-07-26 16:52:37,925 [INFO] IPUIPlugin:80 - create IPUIPlugin
2025-07-26 16:52:37,925 [INFO] PluginManager:220 - loadIPPluginJar : add genericplugin
2025-07-26 16:52:37,928 [INFO] IPUIPlugin:80 - create IPUIPlugin
2025-07-26 16:52:37,928 [INFO] PluginManager:220 - loadIPPluginJar : add gfxmmu
2025-07-26 16:52:37,935 [INFO] IPUIPlugin:80 - create IPUIPlugin
2025-07-26 16:52:37,935 [INFO] PluginManager:220 - loadIPPluginJar : add gic
2025-07-26 16:52:37,940 [INFO] IPUIPlugin:80 - create IPUIPlugin
2025-07-26 16:52:37,941 [INFO] PluginManager:220 - loadIPPluginJar : add gpio
2025-07-26 16:52:37,944 [INFO] IPUIPlugin:80 - create IPUIPlugin
2025-07-26 16:52:37,944 [INFO] PluginManager:220 - loadIPPluginJar : add gtzc
2025-07-26 16:52:37,946 [INFO] IPUIPlugin:80 - create IPUIPlugin
2025-07-26 16:52:37,947 [INFO] PluginManager:220 - loadIPPluginJar : add hash
2025-07-26 16:52:37,949 [INFO] IPUIPlugin:80 - create IPUIPlugin
2025-07-26 16:52:37,949 [INFO] PluginManager:220 - loadIPPluginJar : add i2c
2025-07-26 16:52:37,952 [INFO] IPUIPlugin:80 - create IPUIPlugin
2025-07-26 16:52:37,952 [INFO] PluginManager:220 - loadIPPluginJar : add i2s
2025-07-26 16:52:37,955 [INFO] IPUIPlugin:80 - create IPUIPlugin
2025-07-26 16:52:37,955 [INFO] PluginManager:220 - loadIPPluginJar : add i3c
2025-07-26 16:52:37,959 [INFO] IPUIPlugin:80 - create IPUIPlugin
2025-07-26 16:52:37,959 [INFO] PluginManager:220 - loadIPPluginJar : add ipddr
2025-07-26 16:52:37,968 [INFO] IPUIPlugin:80 - create IPUIPlugin
2025-07-26 16:52:37,968 [INFO] PluginManager:220 - loadIPPluginJar : add linkedlist
2025-07-26 16:52:37,973 [INFO] IPUIPlugin:80 - create IPUIPlugin
2025-07-26 16:52:37,973 [INFO] PluginManager:220 - loadIPPluginJar : add lorawan
2025-07-26 16:52:37,975 [INFO] IPUIPlugin:80 - create IPUIPlugin
2025-07-26 16:52:37,975 [INFO] PluginManager:220 - loadIPPluginJar : add ltdc
2025-07-26 16:52:37,982 [INFO] IPUIPlugin:80 - create IPUIPlugin
2025-07-26 16:52:37,982 [INFO] PluginManager:220 - loadIPPluginJar : add mdma
2025-07-26 16:52:37,987 [INFO] IPUIPlugin:80 - create IPUIPlugin
2025-07-26 16:52:37,987 [INFO] PluginManager:220 - loadIPPluginJar : add nvic
2025-07-26 16:52:37,990 [INFO] IPUIPlugin:80 - create IPUIPlugin
2025-07-26 16:52:37,991 [INFO] PluginManager:220 - loadIPPluginJar : add opamp
2025-07-26 16:52:37,995 [INFO] IPUIPlugin:80 - create IPUIPlugin
2025-07-26 16:52:37,995 [INFO] PluginManager:220 - loadIPPluginJar : add openamp
2025-07-26 16:52:37,999 [INFO] IPUIPlugin:80 - create IPUIPlugin
2025-07-26 16:52:37,999 [INFO] PluginManager:220 - loadIPPluginJar : add pdm2pcm
2025-07-26 16:52:38,007 [INFO] IPUIPlugin:80 - create IPUIPlugin
2025-07-26 16:52:38,009 [INFO] PluginManager:220 - loadIPPluginJar : add plateformsettings
2025-07-26 16:52:38,011 [INFO] IPUIPlugin:80 - create IPUIPlugin
2025-07-26 16:52:38,011 [INFO] PluginManager:220 - loadIPPluginJar : add quadspi
2025-07-26 16:52:38,013 [INFO] IPUIPlugin:80 - create IPUIPlugin
2025-07-26 16:52:38,014 [INFO] PluginManager:220 - loadIPPluginJar : add radio
2025-07-26 16:52:38,019 [INFO] IPUIPlugin:80 - create IPUIPlugin
2025-07-26 16:52:38,019 [INFO] PluginManager:220 - loadIPPluginJar : add resmgrutility
2025-07-26 16:52:38,023 [INFO] IPUIPlugin:80 - create IPUIPlugin
2025-07-26 16:52:38,023 [INFO] PluginManager:220 - loadIPPluginJar : add sai
2025-07-26 16:52:38,026 [INFO] IPUIPlugin:80 - create IPUIPlugin
2025-07-26 16:52:38,026 [INFO] PluginManager:220 - loadIPPluginJar : add spi
2025-07-26 16:52:38,033 [INFO] IPUIPlugin:80 - create IPUIPlugin
2025-07-26 16:52:38,034 [INFO] PluginManager:220 - loadIPPluginJar : add stm32_wpan
2025-07-26 16:52:38,036 [INFO] IPUIPlugin:80 - create IPUIPlugin
2025-07-26 16:52:38,036 [INFO] PluginManager:220 - loadIPPluginJar : add tim
2025-07-26 16:52:38,040 [INFO] IPUIPlugin:80 - create IPUIPlugin
2025-07-26 16:52:38,041 [INFO] PluginManager:220 - loadIPPluginJar : add touchsensing
2025-07-26 16:52:38,043 [INFO] IPUIPlugin:80 - create IPUIPlugin
2025-07-26 16:52:38,043 [INFO] PluginManager:220 - loadIPPluginJar : add tracer_emb
2025-07-26 16:52:38,046 [INFO] IPUIPlugin:80 - create IPUIPlugin
2025-07-26 16:52:38,046 [INFO] PluginManager:220 - loadIPPluginJar : add ts
2025-07-26 16:52:38,047 [INFO] IPUIPlugin:80 - create IPUIPlugin
2025-07-26 16:52:38,047 [INFO] PluginManager:220 - loadIPPluginJar : add tsc
2025-07-26 16:52:38,049 [INFO] IPUIPlugin:80 - create IPUIPlugin
2025-07-26 16:52:38,049 [INFO] PluginManager:220 - loadIPPluginJar : add ucpd
2025-07-26 16:52:38,053 [INFO] IPUIPlugin:80 - create IPUIPlugin
2025-07-26 16:52:38,053 [INFO] PluginManager:220 - loadIPPluginJar : add usart
2025-07-26 16:52:38,056 [INFO] IPUIPlugin:80 - create IPUIPlugin
2025-07-26 16:52:38,057 [INFO] PluginManager:220 - loadIPPluginJar : add usbx
2025-07-26 16:52:38,186 [FATAL] Updater:351 - Updater called before beeing initialized
2025-07-26 16:52:38,209 [INFO] RulesReader:64 - Compatibility file has been processed (317 Rules)
2025-07-26 16:52:38,238 [INFO] RulesReader:64 - Compatibility file has been processed (317 Rules)
2025-07-26 16:52:38,257 [INFO] CADModel:165 - CPN selected for project level
2025-07-26 16:52:38,257 [INFO] CADModel:114 - Register for checkConnection events
2025-07-26 16:52:38,257 [FATAL] Updater:351 - Updater called before beeing initialized
2025-07-26 16:52:38,257 [ERROR] CADModel:125 - Updater not yet initialized, retry later 
2025-07-26 16:52:38,458 [FATAL] Updater:351 - Updater called before beeing initialized
2025-07-26 16:52:38,460 [INFO] CADModel:165 - CPN selected for project level
2025-07-26 16:52:38,461 [INFO] CADModel:114 - Register for checkConnection events
2025-07-26 16:52:38,461 [FATAL] Updater:351 - Updater called before beeing initialized
2025-07-26 16:52:38,461 [ERROR] CADModel:125 - Updater not yet initialized, retry later 
2025-07-26 16:52:38,474 [FATAL] Updater:351 - Updater called before beeing initialized
2025-07-26 16:52:38,629 [FATAL] Updater:351 - Updater called before beeing initialized
2025-07-26 16:52:38,633 [INFO] DbMcusAds:53 - JSON generation date=Tue Jul 08 01:14:23 PDT 2025 (1751962463562)
2025-07-26 16:52:38,633 [FATAL] Updater:351 - Updater called before beeing initialized
2025-07-26 16:52:38,666 [WARN] DetailPanel:346 - Failed to get advertising image, set to default
2025-07-26 16:52:38,738 [FATAL] Updater:351 - Updater called before beeing initialized
2025-07-26 16:52:38,739 [FATAL] Updater:351 - Updater called before beeing initialized
2025-07-26 16:52:38,740 [FATAL] Updater:351 - Updater called before beeing initialized
2025-07-26 16:52:38,740 [WARN] DetailPanel:346 - Failed to get advertising image, set to default
2025-07-26 16:52:38,741 [FATAL] Updater:351 - Updater called before beeing initialized
2025-07-26 16:52:38,781 [ERROR] Updater:1198 - MainUpdater not yet initialized. External WinMGr cannot be set.
2025-07-26 16:52:38,783 [INFO] Updater:1134 - Updater Version found : 6.15.0
2025-07-26 16:52:38,799 [INFO] ApplicationProperties:184 - Using Application install path: C:\ST\STM32CubeIDE_1.18.1\STM32CubeIDE\plugins\com.st.stm32cube.common.mx_6.15.0.202507011659
2025-07-26 16:52:39,838 [INFO] MainUpdater:2872 - connection check result : 10
2025-07-26 16:52:39,838 [INFO] MainUpdater:3604 - Updater definition file requires update
2025-07-26 16:52:39,839 [INFO] MainUpdater:289 - Updater Check For Update Now.
2025-07-26 16:52:39,839 [INFO] MicroXplorer:498 - Change Database Version : DB.6.0.150
2025-07-26 16:52:39,844 [INFO] McuFinderGlobals:63 - Set McuFinder mode to 2 (CubeIDE integrated)
2025-07-26 16:52:39,845 [INFO] UserAuth:171 - activating auth plugin
2025-07-26 16:52:39,847 [INFO] UserAuth:487 - Internet connection configuration mode: 1
2025-07-26 16:52:39,860 [INFO] JxBrowserEngine:152 - Initiate JxBrowser Engine with user profile folder
2025-07-26 16:52:39,949 [INFO] ServerAccessManage:452 - Complete download http(s) 200
2025-07-26 16:52:39,950 [INFO] ServerAccessManage:509 - Download File updaters.zip
2025-07-26 16:52:40,058 [INFO] FileExtend:248 - Unzip File : updaters.zip
2025-07-26 16:52:40,058 [INFO] FileExtend:263 - Standard Zip Deflate
2025-07-26 16:52:40,327 [WARN] MainUpdater:1193 - Updater busy. Cannot search thirdparties
2025-07-26 16:52:40,327 [INFO] ThirdPartyUpdaterWithRetryManager:96 - Updater plugin is busy. [1/15]
2025-07-26 16:52:40,623 [INFO] ServerAccessManage:452 - Complete download http(s) 200
2025-07-26 16:52:40,624 [INFO] ServerAccessManage:509 - Download File PacksControlFlags.xml
2025-07-26 16:52:40,715 [INFO] ServerAccessManage:452 - Complete download http(s) 200
2025-07-26 16:52:40,715 [INFO] ServerAccessManage:509 - Download File cubemx.pidx
2025-07-26 16:52:40,885 [INFO] LoadServerUpdatesThread:375 - End of LoadServerUpdate Thread
2025-07-26 16:52:41,053 [INFO] CheckServerUpdateThread:120 - End of CheckServer Thread
2025-07-26 16:52:41,326 [INFO] WebApp:169 - Instantiating new browser for Auth
2025-07-26 16:52:42,159 [INFO] WebApp:463 - Apply proxy settings
2025-07-26 16:52:42,159 [INFO] WebApp:548 - Chromium requires no authentication
2025-07-26 16:52:42,175 [INFO] WebApp:491 - Direct internet connection detected
2025-07-26 16:52:42,213 [INFO] WebApp:900 - Register for checkConnection events
2025-07-26 16:52:42,214 [INFO] WebApp:463 - Apply proxy settings
2025-07-26 16:52:42,214 [INFO] WebApp:548 - Chromium requires no authentication
2025-07-26 16:52:42,215 [INFO] WebApp:491 - Direct internet connection detected
2025-07-26 16:52:42,382 [INFO] WebApp:191 - Connection restablished
2025-07-26 16:52:42,429 [INFO] WebApp:225 - Starting web application
2025-07-26 16:52:42,429 [INFO] WebApp:593 - Web application path used C:\ST\STM32CubeIDE_1.18.1\STM32CubeIDE\plugins\com.st.stm32cube.common.mx_6.15.0.202507011659\db\plugins\mcufinder\reactClient1\index.html
2025-07-26 16:52:43,583 [WARN] PackLoader:240 - Cannot read IP mode file for STMicroelectronics.FP-SNS-MOTENVWB1.1.4.0
2025-07-26 16:52:43,590 [WARN] PackLoader:240 - Cannot read IP mode file for STMicroelectronics.FP-ATR-ASTRA1.2.0.2
2025-07-26 16:52:43,598 [WARN] PackLoader:240 - Cannot read IP mode file for STMicroelectronics.X-CUBE-SMBUS.2.1.0
2025-07-26 16:52:43,603 [WARN] PackLoader:240 - Cannot read IP mode file for STMicroelectronics.X-CUBE-ST60.1.0.0
2025-07-26 16:52:43,635 [WARN] PackLoader:240 - Cannot read IP mode file for STMicroelectronics.X-CUBE-AZRTOS-F7.1.1.0
2025-07-26 16:52:43,683 [WARN] PackLoader:240 - Cannot read IP mode file for Infineon.AIROC-Wi-Fi-Bluetooth-STM32.1.7.0
2025-07-26 16:52:43,727 [WARN] PackLoader:240 - Cannot read IP mode file for STMicroelectronics.X-CUBE-AZRTOS-H7.3.4.0
2025-07-26 16:52:43,742 [WARN] PackLoader:240 - Cannot read IP mode file for STMicroelectronics.X-CUBE-DISPLAY.3.0.0
2025-07-26 16:52:43,761 [WARN] PackLoader:240 - Cannot read IP mode file for STMicroelectronics.X-CUBE-NFC10.1.0.0
2025-07-26 16:52:43,775 [WARN] PackLoader:240 - Cannot read IP mode file for STMicroelectronics.X-CUBE-BLEMGR.4.0.0
2025-07-26 16:52:43,785 [WARN] PackLoader:240 - Cannot read IP mode file for emotas.I-CUBE-CANOPEN.1.3.0
2025-07-26 16:52:43,791 [WARN] ConditionMgr:438 - getConditionDescription Invalid condition id : Cortex-A Device cause : null
2025-07-26 16:52:43,809 [WARN] ConditionMgr:1044 - genDependencies : Invalid condition id : Cortex-A Device cause : null
2025-07-26 16:52:43,809 [WARN] ConditionMgr:1044 - genDependencies : Invalid condition id : Cortex-A Device cause : null
2025-07-26 16:52:43,809 [WARN] ConditionMgr:1044 - genDependencies : Invalid condition id : Cortex-A Device cause : null
2025-07-26 16:52:43,816 [WARN] PackLoader:240 - Cannot read IP mode file for STMicroelectronics.FP-SNS-SMARTAG2.1.2.0
2025-07-26 16:52:43,822 [WARN] PackLoader:240 - Cannot read IP mode file for STMicroelectronics.FP-SNS-FLIGHT1.5.1.0
2025-07-26 16:52:43,835 [INFO] LogOutputStream:77 - [STDOUT_REDIRECT] 1 : Invalid condition id : UX_CORESTACK_Condition cause : null
2025-07-26 16:52:43,837 [INFO] LogOutputStream:77 - [STDOUT_REDIRECT] 1 : Invalid condition id : UX_CORESTACK_Condition cause : null
2025-07-26 16:52:43,838 [INFO] LogOutputStream:77 - [STDOUT_REDIRECT] 1 : Invalid condition id : UX_CORESTACK_Condition cause : null
2025-07-26 16:52:43,840 [INFO] LogOutputStream:77 - [STDOUT_REDIRECT] 1 : Invalid condition id : UX_CORESTACK_Condition cause : null
2025-07-26 16:52:43,842 [INFO] LogOutputStream:77 - [STDOUT_REDIRECT] 1 : Invalid condition id : UX_CORESTACK_Condition cause : null
2025-07-26 16:52:43,846 [WARN] PackLoader:240 - Cannot read IP mode file for STMicroelectronics.X-CUBE-AZRTOS-WL.2.0.0
2025-07-26 16:52:43,854 [WARN] PackLoader:240 - Cannot read IP mode file for STMicroelectronics.FP-SNS-MOTENV1.5.0.0
2025-07-26 16:52:43,867 [WARN] PackLoader:240 - Cannot read IP mode file for WES.I-CUBE-Cesium.1.3.0
2025-07-26 16:52:43,875 [WARN] PackLoader:240 - Cannot read IP mode file for STMicroelectronics.X-CUBE-BLE2.3.3.0
2025-07-26 16:52:43,883 [WARN] PackLoader:240 - Cannot read IP mode file for STMicroelectronics.X-CUBE-NFC9.1.0.0
2025-07-26 16:52:43,892 [WARN] PackLoader:240 - Cannot read IP mode file for wolfSSL.I-CUBE-wolfSSL.5.8.0
2025-07-26 16:52:43,899 [WARN] PackLoader:240 - Cannot read IP mode file for STMicroelectronics.X-CUBE-BLE1.7.1.0
2025-07-26 16:52:43,905 [WARN] PackLoader:240 - Cannot read IP mode file for wolfSSL.I-CUBE-wolfMQTT.1.19.2
2025-07-26 16:52:43,914 [WARN] PackLoader:240 - Cannot read IP mode file for STMicroelectronics.X-CUBE-EEPRMA1.5.2.0
2025-07-26 16:52:43,921 [WARN] PackLoader:240 - Cannot read IP mode file for STMicroelectronics.X-CUBE-AI.10.1.0
2025-07-26 16:52:43,940 [WARN] PackLoader:240 - Cannot read IP mode file for STMicroelectronics.X-CUBE-AZRTOS-G0.1.1.0
2025-07-26 16:52:43,950 [WARN] PackLoader:240 - Cannot read IP mode file for STMicroelectronics.X-CUBE-SAFEA1.1.2.2
2025-07-26 16:52:43,959 [WARN] PackLoader:240 - Cannot read IP mode file for STMicroelectronics.X-CUBE-NFC4.3.0.0
2025-07-26 16:52:43,971 [WARN] PackLoader:240 - Cannot read IP mode file for EmbeddedOffice.I-CUBE-FS-RTOS.1.0.1
2025-07-26 16:52:43,978 [WARN] PackLoader:240 - Cannot read IP mode file for STMicroelectronics.X-CUBE-WB05N.2.0.0
2025-07-26 16:52:43,984 [WARN] PackLoader:240 - Cannot read IP mode file for wolfSSL.I-CUBE-wolfTPM.3.8.0
2025-07-26 16:52:43,991 [WARN] PackLoader:240 - Cannot read IP mode file for STMicroelectronics.X-CUBE-TCPP.4.2.0
2025-07-26 16:52:44,002 [WARN] PackLoader:240 - Cannot read IP mode file for RealThread.X-CUBE-RT-Thread_Nano.4.1.1
2025-07-26 16:52:44,008 [WARN] PackLoader:240 - Cannot read IP mode file for STMicroelectronics.FP-ATR-SIGFOX1.3.2.0
2025-07-26 16:52:44,015 [WARN] PackLoader:240 - Cannot read IP mode file for STMicroelectronics.X-CUBE-EEPRMA1.5.1.0
2025-07-26 16:52:44,027 [WARN] PackLoader:240 - Cannot read IP mode file for ITTIA_DB.I-CUBE-ITTIADB.8.9.0
2025-07-26 16:52:44,038 [WARN] PackLoader:240 - Cannot read IP mode file for STMicroelectronics.X-CUBE-ST67W61.1.0.0
2025-07-26 16:52:44,072 [WARN] PackLoader:240 - Cannot read IP mode file for SEGGER.I-CUBE-embOS.1.3.1
2025-07-26 16:52:44,129 [WARN] PackLoader:240 - Cannot read IP mode file for STMicroelectronics.X-CUBE-ALGOBUILD.1.4.0
2025-07-26 16:52:44,196 [WARN] PackLoader:240 - Cannot read IP mode file for STMicroelectronics.X-CUBE-MEMS1.11.3.0
2025-07-26 16:52:44,385 [WARN] PackLoader:240 - Cannot read IP mode file for STMicroelectronics.X-CUBE-PM33A1.1.0.0
2025-07-26 16:52:44,404 [WARN] PackLoader:240 - Cannot read IP mode file for STMicroelectronics.X-CUBE-AZRTOS-F4.1.1.0
2025-07-26 16:52:44,413 [WARN] PackLoader:240 - Cannot read IP mode file for Avnet-IotConnect.X-CUBE-IoTC-DA16k-PMOD.1.0.0
2025-07-26 16:52:44,418 [WARN] PackLoader:240 - Cannot read IP mode file for STMicroelectronics.X-CUBE-ISPU.2.1.0
2025-07-26 16:52:44,427 [WARN] PackLoader:240 - Cannot read IP mode file for STMicroelectronics.X-CUBE-NFC12.1.0.0
2025-07-26 16:52:44,445 [WARN] PackLoader:240 - Cannot read IP mode file for STMicroelectronics.X-CUBE-AZRTOS-L5.2.0.0
2025-07-26 16:52:44,455 [WARN] PackLoader:240 - Cannot read IP mode file for STMicroelectronics.X-CUBE-NFC6.3.1.0
2025-07-26 16:52:44,466 [WARN] PackLoader:240 - Cannot read IP mode file for STMicroelectronics.X-CUBE-FREERTOS.1.3.1
2025-07-26 16:52:44,472 [WARN] PackLoader:240 - Cannot read IP mode file for STMicroelectronics.FP-SNS-STAIOTCFT.1.0.0
2025-07-26 16:52:44,479 [WARN] PackLoader:240 - Cannot read IP mode file for STMicroelectronics.X-CUBE-DPower.1.3.0
2025-07-26 16:52:44,497 [WARN] ConditionMgr:438 - getConditionDescription Invalid condition id : LAN8742 Phy interface Condition cause : null
2025-07-26 16:52:44,498 [WARN] PackLoader:240 - Cannot read IP mode file for STMicroelectronics.X-CUBE-AZRTOS-L4.2.0.0
2025-07-26 16:52:44,500 [WARN] ConditionMgr:1044 - genDependencies : Invalid condition id : LAN8742 Phy interface Condition cause : null
2025-07-26 16:52:44,500 [WARN] ConditionMgr:1044 - genDependencies : Invalid condition id : LAN8742 Phy interface Condition cause : null
2025-07-26 16:52:44,501 [WARN] ConditionMgr:1044 - genDependencies : Invalid condition id : LAN8742 Phy interface Condition cause : null
2025-07-26 16:52:44,509 [WARN] PackLoader:240 - Cannot read IP mode file for STMicroelectronics.X-CUBE-SFXS2LP1.4.0.0
2025-07-26 16:52:44,531 [WARN] PackLoader:240 - Cannot read IP mode file for STMicroelectronics.X-CUBE-AZRTOS-H7.3.3.0
2025-07-26 16:52:44,543 [WARN] PackLoader:240 - Cannot read IP mode file for STMicroelectronics.X-CUBE-BLEMGR.4.1.0
2025-07-26 16:52:44,563 [WARN] ConditionMgr:438 - getConditionDescription Invalid condition id : UX DEVICE CLASS RTOS Condition cause : null
2025-07-26 16:52:44,564 [WARN] ConditionMgr:438 - getConditionDescription Invalid condition id : UX DEVICE CLASS RTOS Condition cause : null
2025-07-26 16:52:44,567 [WARN] PackLoader:240 - Cannot read IP mode file for STMicroelectronics.X-CUBE-AZRTOS-WB.2.0.0
2025-07-26 16:52:44,567 [WARN] ConditionMgr:1044 - genDependencies : Invalid condition id : UX DEVICE CLASS RTOS Condition cause : null
2025-07-26 16:52:44,567 [WARN] ConditionMgr:1044 - genDependencies : Invalid condition id : UX DEVICE CLASS RTOS Condition cause : null
2025-07-26 16:52:44,581 [WARN] ConditionMgr:1044 - genDependencies : Invalid condition id : UX DEVICE CLASS RTOS Condition cause : null
2025-07-26 16:52:44,581 [WARN] ConditionMgr:1044 - genDependencies : Invalid condition id : UX DEVICE CLASS RTOS Condition cause : null
2025-07-26 16:52:44,581 [WARN] ConditionMgr:1044 - genDependencies : Invalid condition id : UX DEVICE CLASS RTOS Condition cause : null
2025-07-26 16:52:44,590 [WARN] PackLoader:240 - Cannot read IP mode file for STMicroelectronics.X-CUBE-GNSS1.7.0.1
2025-07-26 16:52:44,601 [WARN] PackLoader:240 - Cannot read IP mode file for STMicroelectronics.X-CUBE-TOUCHGFX.4.25.0
2025-07-26 16:52:44,609 [WARN] PackLoader:240 - Cannot read IP mode file for STMicroelectronics.FP-SNS-STBOX1.2.0.0
2025-07-26 16:52:44,623 [WARN] PackLoader:240 - Cannot read IP mode file for STMicroelectronics.X-CUBE-SUBG2.5.0.0
2025-07-26 16:52:44,649 [WARN] PackLoader:240 - Cannot read IP mode file for STMicroelectronics.X-CUBE-AZRTOS-H7RS.1.1.0
2025-07-26 16:52:44,658 [WARN] PackLoader:240 - Cannot read IP mode file for Cesanta.I-CUBE-Mongoose.7.13.0
2025-07-26 16:52:44,671 [WARN] PackLoader:240 - Cannot read IP mode file for STMicroelectronics.X-CUBE-AZRTOS-G4.2.0.0
2025-07-26 16:52:44,679 [WARN] PackLoader:240 - Cannot read IP mode file for wolfSSL.I-CUBE-wolfSSH.1.4.20
2025-07-26 16:52:44,685 [WARN] PackLoader:240 - Cannot read IP mode file for STMicroelectronics.X-CUBE-NFC7.2.0.0
2025-07-26 16:52:44,697 [WARN] PackLoader:240 - Cannot read IP mode file for STMicroelectronics.X-CUBE-IPS.3.1.0
2025-07-26 16:52:44,707 [WARN] PackLoader:240 - Cannot read IP mode file for STMicroelectronics.X-CUBE-ALS.1.0.2
2025-07-26 16:52:44,714 [WARN] PackLoader:240 - Cannot read IP mode file for portGmbH.I-Cube-SoM-uGOAL.1.1.0
2025-07-26 16:52:44,727 [WARN] PackLoader:240 - Cannot read IP mode file for STMicroelectronics.X-CUBE-TOF1.3.4.3
2025-07-26 16:52:44,738 [INFO] ThirdParty:978 - Integrity check success = true
2025-07-26 16:52:44,739 [INFO] IntegrityCheckThread:100 - exiting critical section [integrity check]
2025-07-26 16:52:44,739 [INFO] IntegrityCheckThread:103 - End integrity checks thread
2025-07-26 19:05:24,775 [INFO] WebApp:194 - Connection lost
2025-07-26 19:05:25,014 [INFO] WebApp:191 - Connection restablished
2025-07-26 19:05:27,522 [INFO] WebApp:194 - Connection lost
2025-07-26 19:05:27,940 [INFO] WebApp:191 - Connection restablished
2025-07-26 20:40:31,227 [INFO] WebApp:194 - Connection lost
2025-07-26 20:40:34,301 [INFO] WebApp:191 - Connection restablished
