2025-08-05 19:04:58,293 [INFO] Activator:176 - 


2025-08-05 19:04:58,295 [INFO] Activator:177 - !SESSION log4j initialized
2025-08-05 19:05:04,290 [INFO] LogOutputStream:77 - [STDOUT_REDIRECT] 
2025-08-05 19:05:10,100 [INFO] ApplicationProperties:184 - Using Application install path: C:\ST\STM32CubeIDE_1.18.1\STM32CubeIDE\plugins\com.st.stm32cube.common.mx_6.15.0.202507011659
2025-08-05 19:05:10,114 [INFO] DbMcusXml:78 - Set database path to: C:\ST\STM32CubeIDE_1.18.1\STM32CubeIDE\plugins\com.st.stm32cube.common.mx_6.15.0.202507011659\\db\/mcu/
2025-08-05 19:05:10,114 [INFO] ApiDb:274 - Set plugin database path to: C:\ST\STM32CubeIDE_1.18.1\STM32CubeIDE\plugins\com.st.stm32cube.common.mx_6.15.0.202507011659\\db\/plugins/boardmanager/
2025-08-05 19:05:10,116 [WARN] ApiDb:259 - Overriding images path with different value:  => C:\ST\STM32CubeIDE_1.18.1\STM32CubeIDE\plugins\com.st.stm32cube.common.mx_6.15.0.202507011659\\db\/plugins/mcufinder/images/
2025-08-05 19:05:10,120 [INFO] ApiDb:250 - Set database path to: C:\Users\micom\.stmcufinder\plugins\mcufinder//mcu/
2025-08-05 19:05:10,120 [INFO] DbMcusAds:125 - Set database path to: C:\Users\micom\.stmcufinder\plugins\mcufinder//mcu/
2025-08-05 19:05:10,122 [INFO] CrossReferenceDbSqlite:203 - Set database path to: C:\Users\micom\.stmcufinder\plugins\mcufinder//mcu/cs/
2025-08-05 19:05:10,206 [INFO] RulesReader:64 - Compatibility file has been processed (317 Rules)
2025-08-05 19:05:10,279 [INFO] DbMcusXml:78 - Set database path to: C:\ST\STM32CubeIDE_1.18.1\STM32CubeIDE\plugins\com.st.stm32cube.common.mx_6.15.0.202507011659\\db\/mcu/
2025-08-05 19:05:10,280 [INFO] ApiDb:274 - Set plugin database path to: C:\ST\STM32CubeIDE_1.18.1\STM32CubeIDE\plugins\com.st.stm32cube.common.mx_6.15.0.202507011659\\db\/plugins/boardmanager/
2025-08-05 19:05:10,280 [INFO] ApiDb:261 - Set plugin images path to: C:\ST\STM32CubeIDE_1.18.1\STM32CubeIDE\plugins\com.st.stm32cube.common.mx_6.15.0.202507011659\\db\/plugins/mcufinder/images/
2025-08-05 19:05:10,280 [WARN] DbFile:41 - Overriding database path with different value: C:\Users\micom\.stmcufinder\plugins\mcufinder/ => C:\Users\micom\.stmcufinder\plugins\mcufinder
2025-08-05 19:05:10,280 [INFO] ApiDb:250 - Set database path to: C:\Users\micom\.stmcufinder\plugins\mcufinder//mcu/
2025-08-05 19:05:10,280 [WARN] DbFile:41 - Overriding database path with different value: C:\Users\micom\.stmcufinder\plugins\mcufinder/ => C:\Users\micom\.stmcufinder\plugins\mcufinder
2025-08-05 19:05:10,280 [INFO] DbMcusAds:125 - Set database path to: C:\Users\micom\.stmcufinder\plugins\mcufinder//mcu/
2025-08-05 19:05:10,280 [WARN] DbFile:41 - Overriding database path with different value: C:\Users\micom\.stmcufinder\plugins\mcufinder/ => C:\Users\micom\.stmcufinder\plugins\mcufinder
2025-08-05 19:05:10,280 [WARN] DbFile:41 - Overriding database path with different value: C:\Users\micom\.stmcufinder\plugins\mcufinder/ => C:\Users\micom\.stmcufinder\plugins\mcufinder
2025-08-05 19:05:10,280 [INFO] CrossReferenceDbSqlite:203 - Set database path to: C:\Users\micom\.stmcufinder\plugins\mcufinder//mcu/cs/
2025-08-05 19:05:10,340 [INFO] MainPanel:274 - HeapMemory: 268435456
2025-08-05 19:05:10,417 [INFO] DbMcusXml:78 - Set database path to: C:\ST\STM32CubeIDE_1.18.1\STM32CubeIDE\plugins\com.st.stm32cube.common.mx_6.15.0.202507011659\\db\/mcu/
2025-08-05 19:05:10,417 [INFO] ApiDb:274 - Set plugin database path to: C:\ST\STM32CubeIDE_1.18.1\STM32CubeIDE\plugins\com.st.stm32cube.common.mx_6.15.0.202507011659\\db\/plugins/boardmanager/
2025-08-05 19:05:10,418 [INFO] ApiDb:261 - Set plugin images path to: C:\ST\STM32CubeIDE_1.18.1\STM32CubeIDE\plugins\com.st.stm32cube.common.mx_6.15.0.202507011659\\db\/plugins/mcufinder/images/
2025-08-05 19:05:10,418 [WARN] DbFile:41 - Overriding database path with different value: C:\Users\micom\.stmcufinder\plugins\mcufinder/ => C:\Users\micom\.stmcufinder\plugins\mcufinder
2025-08-05 19:05:10,418 [INFO] ApiDb:250 - Set database path to: C:\Users\micom\.stmcufinder\plugins\mcufinder//mcu/
2025-08-05 19:05:10,418 [WARN] DbFile:41 - Overriding database path with different value: C:\Users\micom\.stmcufinder\plugins\mcufinder/ => C:\Users\micom\.stmcufinder\plugins\mcufinder
2025-08-05 19:05:10,418 [INFO] DbMcusAds:125 - Set database path to: C:\Users\micom\.stmcufinder\plugins\mcufinder//mcu/
2025-08-05 19:05:10,418 [WARN] DbFile:41 - Overriding database path with different value: C:\Users\micom\.stmcufinder\plugins\mcufinder/ => C:\Users\micom\.stmcufinder\plugins\mcufinder
2025-08-05 19:05:10,418 [WARN] DbFile:41 - Overriding database path with different value: C:\Users\micom\.stmcufinder\plugins\mcufinder/ => C:\Users\micom\.stmcufinder\plugins\mcufinder
2025-08-05 19:05:10,418 [INFO] CrossReferenceDbSqlite:203 - Set database path to: C:\Users\micom\.stmcufinder\plugins\mcufinder//mcu/cs/
2025-08-05 19:05:10,433 [INFO] ApplicationProperties:184 - Using Application install path: C:\ST\STM32CubeIDE_1.18.1\STM32CubeIDE\plugins\com.st.stm32cube.common.mx_6.15.0.202507011659
2025-08-05 19:05:10,434 [INFO] PluginManage:196 - Search for loadable plugins [exclusion list=, ]
2025-08-05 19:05:10,435 [INFO] PluginManage:310 - Check plugin analytics
2025-08-05 19:05:15,531 [INFO] AnalyticsPlugin:253 - Accepted Software Licenses: 
2025-08-05 19:05:15,531 [INFO] AnalyticsPlugin:255 - Accepted CMSIS Pack Licenses: 
2025-08-05 19:05:15,531 [INFO] AnalyticsPlugin:257 - Accepted Firmware Licenses: 
2025-08-05 19:05:15,535 [INFO] PluginManage:359 - Loaded plugin analytics (category:tool,tabindex:-1)
2025-08-05 19:05:15,535 [INFO] PluginManage:310 - Check plugin cadmodel
2025-08-05 19:05:15,539 [INFO] CADModel:105 - Init CAD model plugin
2025-08-05 19:05:15,540 [INFO] PluginManage:359 - Loaded plugin cadmodel (category:power,tabindex:5)
2025-08-05 19:05:15,540 [INFO] PluginManage:310 - Check plugin clock
2025-08-05 19:05:15,550 [INFO] PluginManage:359 - Loaded plugin clock (category:base,tabindex:2)
2025-08-05 19:05:15,551 [INFO] PluginManage:310 - Check plugin ddr
2025-08-05 19:05:15,553 [INFO] PluginManage:359 - Loaded plugin ddr (category:tool,tabindex:6)
2025-08-05 19:05:15,553 [INFO] PluginManage:310 - Check plugin filemanager
2025-08-05 19:05:15,687 [INFO] PluginManage:359 - Loaded plugin filemanager (category:base,tabindex:10)
2025-08-05 19:05:15,687 [INFO] PluginManage:310 - Check plugin ipmanager
2025-08-05 19:05:15,694 [INFO] PluginManage:359 - Loaded plugin ipmanager (category:base,tabindex:5)
2025-08-05 19:05:15,694 [INFO] PluginManage:310 - Check plugin lpbam
2025-08-05 19:05:15,701 [INFO] PluginManage:359 - Loaded plugin lpbam (category:base,tabindex:0)
2025-08-05 19:05:15,701 [INFO] PluginManage:310 - Check plugin memorymap
2025-08-05 19:05:15,710 [INFO] PluginManage:359 - Loaded plugin memorymap (category:base,tabindex:4)
2025-08-05 19:05:15,710 [INFO] PluginManage:310 - Check plugin pinoutandconfiguration
2025-08-05 19:05:15,715 [INFO] PluginManage:359 - Loaded plugin pinoutandconfiguration (category:base,tabindex:1)
2025-08-05 19:05:15,715 [INFO] PluginManage:310 - Check plugin pinoutconfig
2025-08-05 19:05:15,797 [WARN] SupportedApi:132 - Cannot load RTOS API schema: s4s-elt-must-match.1: The content of 'definitions' must match (annotation?, (simpleType | complexType)?, (unique | key | keyref)*)). A problem was found starting at: attribute.
2025-08-05 19:05:15,918 [INFO] PluginManage:359 - Loaded plugin pinoutconfig (category:base,tabindex:0)
2025-08-05 19:05:15,918 [INFO] PluginManage:310 - Check plugin power
2025-08-05 19:05:15,926 [INFO] PluginManage:359 - Loaded plugin power (category:power,tabindex:4)
2025-08-05 19:05:15,926 [INFO] PluginManage:310 - Check plugin projectmanager
2025-08-05 19:05:15,941 [INFO] PluginManage:359 - Loaded plugin projectmanager (category:projectmanager,tabindex:4)
2025-08-05 19:05:15,941 [INFO] PluginManage:310 - Check plugin rif
2025-08-05 19:05:15,956 [INFO] PluginManage:359 - Loaded plugin rif (category:base,tabindex:3)
2025-08-05 19:05:15,957 [INFO] PluginManage:310 - Check plugin thirdparty
2025-08-05 19:05:16,067 [WARN] IntegrityCheckThread:84 - waiting for thirdparty lock release [integrity check]
2025-08-05 19:05:16,068 [INFO] PluginManage:359 - Loaded plugin thirdparty (category:base,tabindex:-1)
2025-08-05 19:05:16,068 [INFO] IntegrityCheckThread:86 - entering critical section [integrity check]
2025-08-05 19:05:16,068 [INFO] PluginManage:310 - Check plugin tools
2025-08-05 19:05:16,068 [INFO] ThirdPartyUpdaterWithRetryManager:70 - Updater plugin not ready yet. [1/15]
2025-08-05 19:05:16,073 [INFO] PluginManage:359 - Loaded plugin tools (category:base,tabindex:7)
2025-08-05 19:05:16,073 [INFO] PluginManage:310 - Check plugin tutovideos
2025-08-05 19:05:16,229 [INFO] PluginManage:359 - Loaded plugin tutovideos (category:base,tabindex:-1)
2025-08-05 19:05:16,229 [INFO] PluginManage:310 - Check plugin updater
2025-08-05 19:05:16,249 [INFO] PluginManage:359 - Loaded plugin updater (category:base,tabindex:12)
2025-08-05 19:05:16,249 [INFO] PluginManage:310 - Check plugin userauth
2025-08-05 19:05:16,253 [INFO] UserAuth:118 - Init User Auth plugin
2025-08-05 19:05:16,254 [INFO] PluginManage:359 - Loaded plugin userauth (category:base,tabindex:14)
2025-08-05 19:05:16,254 [INFO] PluginManage:283 - PluginManage : Loaded plugins [18]
2025-08-05 19:05:16,454 [INFO] PinOutPanel:1589 - setPackage(No Configuration,No Configuration)
2025-08-05 19:05:16,527 [INFO] CADModel:165 - CPN selected for project level
2025-08-05 19:05:16,527 [INFO] CADModel:114 - Register for checkConnection events
2025-08-05 19:05:16,543 [INFO] IPUIPlugin:80 - create IPUIPlugin
2025-08-05 19:05:16,543 [INFO] PluginManager:220 - loadIPPluginJar : add adc
2025-08-05 19:05:16,546 [INFO] IPUIPlugin:80 - create IPUIPlugin
2025-08-05 19:05:16,546 [INFO] PluginManager:220 - loadIPPluginJar : add aes
2025-08-05 19:05:16,548 [INFO] IPUIPlugin:80 - create IPUIPlugin
2025-08-05 19:05:16,548 [INFO] PluginManager:220 - loadIPPluginJar : add can
2025-08-05 19:05:16,550 [INFO] IPUIPlugin:80 - create IPUIPlugin
2025-08-05 19:05:16,550 [INFO] PluginManager:220 - loadIPPluginJar : add comp
2025-08-05 19:05:16,552 [INFO] IPUIPlugin:80 - create IPUIPlugin
2025-08-05 19:05:16,552 [INFO] PluginManager:220 - loadIPPluginJar : add cryp
2025-08-05 19:05:16,555 [INFO] IPUIPlugin:80 - create IPUIPlugin
2025-08-05 19:05:16,555 [INFO] PluginManager:220 - loadIPPluginJar : add ddr_ctrl_phy
2025-08-05 19:05:16,557 [INFO] IPUIPlugin:80 - create IPUIPlugin
2025-08-05 19:05:16,558 [INFO] PluginManager:220 - loadIPPluginJar : add dfsdm
2025-08-05 19:05:16,563 [INFO] IPUIPlugin:80 - create IPUIPlugin
2025-08-05 19:05:16,563 [INFO] PluginManager:220 - loadIPPluginJar : add dma
2025-08-05 19:05:16,565 [INFO] IPUIPlugin:80 - create IPUIPlugin
2025-08-05 19:05:16,565 [INFO] PluginManager:220 - loadIPPluginJar : add dma3
2025-08-05 19:05:16,568 [INFO] IPUIPlugin:80 - create IPUIPlugin
2025-08-05 19:05:16,568 [INFO] PluginManager:220 - loadIPPluginJar : add extmemmanager
2025-08-05 19:05:16,570 [INFO] IPUIPlugin:80 - create IPUIPlugin
2025-08-05 19:05:16,570 [INFO] PluginManager:220 - loadIPPluginJar : add fatfs
2025-08-05 19:05:16,574 [INFO] IPUIPlugin:80 - create IPUIPlugin
2025-08-05 19:05:16,574 [INFO] PluginManager:220 - loadIPPluginJar : add fmc
2025-08-05 19:05:16,578 [INFO] IPUIPlugin:80 - create IPUIPlugin
2025-08-05 19:05:16,579 [INFO] PluginManager:220 - loadIPPluginJar : add freertos
2025-08-05 19:05:16,580 [INFO] IPUIPlugin:80 - create IPUIPlugin
2025-08-05 19:05:16,580 [INFO] PluginManager:220 - loadIPPluginJar : add genericplugin
2025-08-05 19:05:16,582 [INFO] IPUIPlugin:80 - create IPUIPlugin
2025-08-05 19:05:16,583 [INFO] PluginManager:220 - loadIPPluginJar : add gfxmmu
2025-08-05 19:05:16,587 [INFO] IPUIPlugin:80 - create IPUIPlugin
2025-08-05 19:05:16,587 [INFO] PluginManager:220 - loadIPPluginJar : add gic
2025-08-05 19:05:16,590 [INFO] IPUIPlugin:80 - create IPUIPlugin
2025-08-05 19:05:16,590 [INFO] PluginManager:220 - loadIPPluginJar : add gpio
2025-08-05 19:05:16,593 [INFO] IPUIPlugin:80 - create IPUIPlugin
2025-08-05 19:05:16,593 [INFO] PluginManager:220 - loadIPPluginJar : add gtzc
2025-08-05 19:05:16,595 [INFO] IPUIPlugin:80 - create IPUIPlugin
2025-08-05 19:05:16,595 [INFO] PluginManager:220 - loadIPPluginJar : add hash
2025-08-05 19:05:16,597 [INFO] IPUIPlugin:80 - create IPUIPlugin
2025-08-05 19:05:16,597 [INFO] PluginManager:220 - loadIPPluginJar : add i2c
2025-08-05 19:05:16,599 [INFO] IPUIPlugin:80 - create IPUIPlugin
2025-08-05 19:05:16,600 [INFO] PluginManager:220 - loadIPPluginJar : add i2s
2025-08-05 19:05:16,602 [INFO] IPUIPlugin:80 - create IPUIPlugin
2025-08-05 19:05:16,602 [INFO] PluginManager:220 - loadIPPluginJar : add i3c
2025-08-05 19:05:16,604 [INFO] IPUIPlugin:80 - create IPUIPlugin
2025-08-05 19:05:16,605 [INFO] PluginManager:220 - loadIPPluginJar : add ipddr
2025-08-05 19:05:16,611 [INFO] IPUIPlugin:80 - create IPUIPlugin
2025-08-05 19:05:16,612 [INFO] PluginManager:220 - loadIPPluginJar : add linkedlist
2025-08-05 19:05:16,615 [INFO] IPUIPlugin:80 - create IPUIPlugin
2025-08-05 19:05:16,615 [INFO] PluginManager:220 - loadIPPluginJar : add lorawan
2025-08-05 19:05:16,616 [INFO] IPUIPlugin:80 - create IPUIPlugin
2025-08-05 19:05:16,616 [INFO] PluginManager:220 - loadIPPluginJar : add ltdc
2025-08-05 19:05:16,621 [INFO] IPUIPlugin:80 - create IPUIPlugin
2025-08-05 19:05:16,621 [INFO] PluginManager:220 - loadIPPluginJar : add mdma
2025-08-05 19:05:16,624 [INFO] IPUIPlugin:80 - create IPUIPlugin
2025-08-05 19:05:16,624 [INFO] PluginManager:220 - loadIPPluginJar : add nvic
2025-08-05 19:05:16,626 [INFO] IPUIPlugin:80 - create IPUIPlugin
2025-08-05 19:05:16,626 [INFO] PluginManager:220 - loadIPPluginJar : add opamp
2025-08-05 19:05:16,630 [INFO] IPUIPlugin:80 - create IPUIPlugin
2025-08-05 19:05:16,630 [INFO] PluginManager:220 - loadIPPluginJar : add openamp
2025-08-05 19:05:16,633 [INFO] IPUIPlugin:80 - create IPUIPlugin
2025-08-05 19:05:16,633 [INFO] PluginManager:220 - loadIPPluginJar : add pdm2pcm
2025-08-05 19:05:16,638 [INFO] IPUIPlugin:80 - create IPUIPlugin
2025-08-05 19:05:16,641 [INFO] PluginManager:220 - loadIPPluginJar : add plateformsettings
2025-08-05 19:05:16,642 [INFO] IPUIPlugin:80 - create IPUIPlugin
2025-08-05 19:05:16,642 [INFO] PluginManager:220 - loadIPPluginJar : add quadspi
2025-08-05 19:05:16,644 [INFO] IPUIPlugin:80 - create IPUIPlugin
2025-08-05 19:05:16,644 [INFO] PluginManager:220 - loadIPPluginJar : add radio
2025-08-05 19:05:16,647 [INFO] IPUIPlugin:80 - create IPUIPlugin
2025-08-05 19:05:16,647 [INFO] PluginManager:220 - loadIPPluginJar : add resmgrutility
2025-08-05 19:05:16,650 [INFO] IPUIPlugin:80 - create IPUIPlugin
2025-08-05 19:05:16,650 [INFO] PluginManager:220 - loadIPPluginJar : add sai
2025-08-05 19:05:16,652 [INFO] IPUIPlugin:80 - create IPUIPlugin
2025-08-05 19:05:16,652 [INFO] PluginManager:220 - loadIPPluginJar : add spi
2025-08-05 19:05:16,657 [INFO] IPUIPlugin:80 - create IPUIPlugin
2025-08-05 19:05:16,657 [INFO] PluginManager:220 - loadIPPluginJar : add stm32_wpan
2025-08-05 19:05:16,659 [INFO] IPUIPlugin:80 - create IPUIPlugin
2025-08-05 19:05:16,659 [INFO] PluginManager:220 - loadIPPluginJar : add tim
2025-08-05 19:05:16,662 [INFO] IPUIPlugin:80 - create IPUIPlugin
2025-08-05 19:05:16,662 [INFO] PluginManager:220 - loadIPPluginJar : add touchsensing
2025-08-05 19:05:16,665 [INFO] IPUIPlugin:80 - create IPUIPlugin
2025-08-05 19:05:16,665 [INFO] PluginManager:220 - loadIPPluginJar : add tracer_emb
2025-08-05 19:05:16,667 [INFO] IPUIPlugin:80 - create IPUIPlugin
2025-08-05 19:05:16,667 [INFO] PluginManager:220 - loadIPPluginJar : add ts
2025-08-05 19:05:16,668 [INFO] IPUIPlugin:80 - create IPUIPlugin
2025-08-05 19:05:16,668 [INFO] PluginManager:220 - loadIPPluginJar : add tsc
2025-08-05 19:05:16,669 [INFO] IPUIPlugin:80 - create IPUIPlugin
2025-08-05 19:05:16,670 [INFO] PluginManager:220 - loadIPPluginJar : add ucpd
2025-08-05 19:05:16,672 [INFO] IPUIPlugin:80 - create IPUIPlugin
2025-08-05 19:05:16,672 [INFO] PluginManager:220 - loadIPPluginJar : add usart
2025-08-05 19:05:16,674 [INFO] IPUIPlugin:80 - create IPUIPlugin
2025-08-05 19:05:16,674 [INFO] PluginManager:220 - loadIPPluginJar : add usbx
2025-08-05 19:05:16,792 [FATAL] Updater:351 - Updater called before beeing initialized
2025-08-05 19:05:16,813 [INFO] RulesReader:64 - Compatibility file has been processed (317 Rules)
2025-08-05 19:05:16,825 [INFO] RulesReader:64 - Compatibility file has been processed (317 Rules)
2025-08-05 19:05:16,836 [INFO] CADModel:165 - CPN selected for project level
2025-08-05 19:05:16,836 [INFO] CADModel:114 - Register for checkConnection events
2025-08-05 19:05:16,836 [FATAL] Updater:351 - Updater called before beeing initialized
2025-08-05 19:05:16,836 [ERROR] CADModel:125 - Updater not yet initialized, retry later 
2025-08-05 19:05:16,981 [FATAL] Updater:351 - Updater called before beeing initialized
2025-08-05 19:05:16,983 [INFO] CADModel:165 - CPN selected for project level
2025-08-05 19:05:16,983 [INFO] CADModel:114 - Register for checkConnection events
2025-08-05 19:05:16,983 [FATAL] Updater:351 - Updater called before beeing initialized
2025-08-05 19:05:16,983 [ERROR] CADModel:125 - Updater not yet initialized, retry later 
2025-08-05 19:05:16,986 [FATAL] Updater:351 - Updater called before beeing initialized
2025-08-05 19:05:17,081 [FATAL] Updater:351 - Updater called before beeing initialized
2025-08-05 19:05:17,085 [INFO] DbMcusAds:53 - JSON generation date=Tue Jul 08 01:14:23 PDT 2025 (1751962463582)
2025-08-05 19:05:17,085 [FATAL] Updater:351 - Updater called before beeing initialized
2025-08-05 19:05:17,118 [WARN] DetailPanel:346 - Failed to get advertising image, set to default
2025-08-05 19:05:17,242 [FATAL] Updater:351 - Updater called before beeing initialized
2025-08-05 19:05:17,245 [FATAL] Updater:351 - Updater called before beeing initialized
2025-08-05 19:05:17,245 [FATAL] Updater:351 - Updater called before beeing initialized
2025-08-05 19:05:17,245 [WARN] DetailPanel:346 - Failed to get advertising image, set to default
2025-08-05 19:05:17,247 [FATAL] Updater:351 - Updater called before beeing initialized
2025-08-05 19:05:17,292 [ERROR] Updater:1198 - MainUpdater not yet initialized. External WinMGr cannot be set.
2025-08-05 19:05:17,294 [INFO] Updater:1134 - Updater Version found : 6.15.0
2025-08-05 19:05:17,307 [INFO] ApplicationProperties:184 - Using Application install path: C:\ST\STM32CubeIDE_1.18.1\STM32CubeIDE\plugins\com.st.stm32cube.common.mx_6.15.0.202507011659
2025-08-05 19:05:17,674 [INFO] MainUpdater:2872 - connection check result : 10
2025-08-05 19:05:17,674 [INFO] MainUpdater:289 - Updater Check For Update Now.
2025-08-05 19:05:17,675 [INFO] MicroXplorer:498 - Change Database Version : DB.6.0.150
2025-08-05 19:05:17,685 [INFO] McuFinderGlobals:63 - Set McuFinder mode to 2 (CubeIDE integrated)
2025-08-05 19:05:17,685 [INFO] UserAuth:171 - activating auth plugin
2025-08-05 19:05:17,688 [INFO] UserAuth:487 - Internet connection configuration mode: 1
2025-08-05 19:05:17,726 [INFO] JxBrowserEngine:152 - Initiate JxBrowser Engine with user profile folder
2025-08-05 19:05:17,864 [INFO] CheckServerUpdateThread:120 - End of CheckServer Thread
2025-08-05 19:05:18,369 [INFO] WebApp:169 - Instantiating new browser for Auth
2025-08-05 19:05:19,009 [INFO] WebApp:463 - Apply proxy settings
2025-08-05 19:05:19,010 [INFO] WebApp:548 - Chromium requires no authentication
2025-08-05 19:05:19,017 [INFO] WebApp:491 - Direct internet connection detected
2025-08-05 19:05:19,036 [INFO] WebApp:900 - Register for checkConnection events
2025-08-05 19:05:19,037 [INFO] WebApp:463 - Apply proxy settings
2025-08-05 19:05:19,037 [INFO] WebApp:548 - Chromium requires no authentication
2025-08-05 19:05:19,037 [INFO] WebApp:491 - Direct internet connection detected
2025-08-05 19:05:19,236 [INFO] WebApp:191 - Connection restablished
2025-08-05 19:05:19,336 [INFO] WebApp:225 - Starting web application
2025-08-05 19:05:19,336 [INFO] WebApp:593 - Web application path used C:\ST\STM32CubeIDE_1.18.1\STM32CubeIDE\plugins\com.st.stm32cube.common.mx_6.15.0.202507011659\db\plugins\mcufinder\reactClient1\index.html
2025-08-05 19:05:19,389 [WARN] PackLoader:240 - Cannot read IP mode file for STMicroelectronics.FP-SNS-MOTENVWB1.1.4.0
2025-08-05 19:05:19,401 [WARN] PackLoader:240 - Cannot read IP mode file for STMicroelectronics.FP-ATR-ASTRA1.2.0.2
2025-08-05 19:05:19,418 [WARN] PackLoader:240 - Cannot read IP mode file for STMicroelectronics.X-CUBE-SMBUS.2.1.0
2025-08-05 19:05:19,425 [WARN] PackLoader:240 - Cannot read IP mode file for STMicroelectronics.X-CUBE-ST60.1.0.0
2025-08-05 19:05:19,476 [WARN] PackLoader:240 - Cannot read IP mode file for STMicroelectronics.X-CUBE-AZRTOS-F7.1.1.0
2025-08-05 19:05:19,539 [WARN] PackLoader:240 - Cannot read IP mode file for Infineon.AIROC-Wi-Fi-Bluetooth-STM32.1.7.0
2025-08-05 19:05:19,581 [WARN] PackLoader:240 - Cannot read IP mode file for STMicroelectronics.X-CUBE-AZRTOS-H7.3.4.0
2025-08-05 19:05:19,599 [WARN] PackLoader:240 - Cannot read IP mode file for STMicroelectronics.X-CUBE-DISPLAY.3.0.0
2025-08-05 19:05:19,621 [WARN] PackLoader:240 - Cannot read IP mode file for STMicroelectronics.X-CUBE-NFC10.1.0.0
2025-08-05 19:05:19,634 [WARN] PackLoader:240 - Cannot read IP mode file for STMicroelectronics.X-CUBE-BLEMGR.4.0.0
2025-08-05 19:05:19,643 [WARN] PackLoader:240 - Cannot read IP mode file for emotas.I-CUBE-CANOPEN.1.3.0
2025-08-05 19:05:19,649 [WARN] ConditionMgr:438 - getConditionDescription Invalid condition id : Cortex-A Device cause : null
2025-08-05 19:05:19,669 [WARN] ConditionMgr:1044 - genDependencies : Invalid condition id : Cortex-A Device cause : null
2025-08-05 19:05:19,669 [WARN] ConditionMgr:1044 - genDependencies : Invalid condition id : Cortex-A Device cause : null
2025-08-05 19:05:19,669 [WARN] ConditionMgr:1044 - genDependencies : Invalid condition id : Cortex-A Device cause : null
2025-08-05 19:05:19,679 [WARN] PackLoader:240 - Cannot read IP mode file for STMicroelectronics.FP-SNS-STBOX1.2.1.0
2025-08-05 19:05:19,688 [WARN] PackLoader:240 - Cannot read IP mode file for STMicroelectronics.FP-SNS-SMARTAG2.1.2.0
2025-08-05 19:05:19,695 [WARN] PackLoader:240 - Cannot read IP mode file for STMicroelectronics.FP-SNS-FLIGHT1.5.1.0
2025-08-05 19:05:19,707 [INFO] LogOutputStream:77 - [STDOUT_REDIRECT] 1 : Invalid condition id : UX_CORESTACK_Condition cause : null
2025-08-05 19:05:19,708 [INFO] LogOutputStream:77 - [STDOUT_REDIRECT] 1 : Invalid condition id : UX_CORESTACK_Condition cause : null
2025-08-05 19:05:19,710 [INFO] LogOutputStream:77 - [STDOUT_REDIRECT] 1 : Invalid condition id : UX_CORESTACK_Condition cause : null
2025-08-05 19:05:19,712 [INFO] LogOutputStream:77 - [STDOUT_REDIRECT] 1 : Invalid condition id : UX_CORESTACK_Condition cause : null
2025-08-05 19:05:19,714 [INFO] LogOutputStream:77 - [STDOUT_REDIRECT] 1 : Invalid condition id : UX_CORESTACK_Condition cause : null
2025-08-05 19:05:19,717 [WARN] PackLoader:240 - Cannot read IP mode file for STMicroelectronics.X-CUBE-AZRTOS-WL.2.0.0
2025-08-05 19:05:19,725 [WARN] PackLoader:240 - Cannot read IP mode file for STMicroelectronics.FP-SNS-MOTENV1.5.0.0
2025-08-05 19:05:19,739 [WARN] PackLoader:240 - Cannot read IP mode file for WES.I-CUBE-Cesium.1.3.0
2025-08-05 19:05:19,745 [WARN] PackLoader:240 - Cannot read IP mode file for STMicroelectronics.X-CUBE-BLE2.3.3.0
2025-08-05 19:05:19,752 [WARN] PackLoader:240 - Cannot read IP mode file for STMicroelectronics.X-CUBE-NFC9.1.0.0
2025-08-05 19:05:19,759 [WARN] PackLoader:240 - Cannot read IP mode file for wolfSSL.I-CUBE-wolfSSL.5.8.0
2025-08-05 19:05:19,765 [WARN] PackLoader:240 - Cannot read IP mode file for STMicroelectronics.X-CUBE-BLE1.7.1.0
2025-08-05 19:05:19,770 [WARN] PackLoader:240 - Cannot read IP mode file for wolfSSL.I-CUBE-wolfMQTT.1.19.2
2025-08-05 19:05:19,776 [WARN] PackLoader:240 - Cannot read IP mode file for STMicroelectronics.X-CUBE-EEPRMA1.5.2.0
2025-08-05 19:05:19,782 [WARN] PackLoader:240 - Cannot read IP mode file for STMicroelectronics.X-CUBE-AI.10.1.0
2025-08-05 19:05:19,798 [WARN] PackLoader:240 - Cannot read IP mode file for STMicroelectronics.X-CUBE-AZRTOS-G0.1.1.0
2025-08-05 19:05:19,807 [WARN] PackLoader:240 - Cannot read IP mode file for STMicroelectronics.X-CUBE-SAFEA1.1.2.2
2025-08-05 19:05:19,815 [WARN] PackLoader:240 - Cannot read IP mode file for STMicroelectronics.X-CUBE-NFC4.3.0.0
2025-08-05 19:05:19,828 [WARN] PackLoader:240 - Cannot read IP mode file for EmbeddedOffice.I-CUBE-FS-RTOS.1.0.1
2025-08-05 19:05:19,835 [WARN] PackLoader:240 - Cannot read IP mode file for STMicroelectronics.X-CUBE-WB05N.2.0.0
2025-08-05 19:05:19,840 [WARN] PackLoader:240 - Cannot read IP mode file for wolfSSL.I-CUBE-wolfTPM.3.8.0
2025-08-05 19:05:19,847 [WARN] PackLoader:240 - Cannot read IP mode file for STMicroelectronics.X-CUBE-TCPP.4.2.0
2025-08-05 19:05:19,854 [WARN] PackLoader:240 - Cannot read IP mode file for RealThread.X-CUBE-RT-Thread_Nano.4.1.1
2025-08-05 19:05:19,858 [WARN] PackLoader:240 - Cannot read IP mode file for STMicroelectronics.FP-ATR-SIGFOX1.3.2.0
2025-08-05 19:05:19,863 [WARN] PackLoader:240 - Cannot read IP mode file for STMicroelectronics.X-CUBE-EEPRMA1.5.1.0
2025-08-05 19:05:19,872 [WARN] PackLoader:240 - Cannot read IP mode file for ITTIA_DB.I-CUBE-ITTIADB.8.9.0
2025-08-05 19:05:19,883 [WARN] PackLoader:240 - Cannot read IP mode file for STMicroelectronics.X-CUBE-ST67W61.1.0.0
2025-08-05 19:05:19,888 [WARN] PackLoader:240 - Cannot read IP mode file for STMicroelectronics.X-CUBE-AI.10.2.0
2025-08-05 19:05:19,920 [WARN] PackLoader:240 - Cannot read IP mode file for SEGGER.I-CUBE-embOS.1.3.1
2025-08-05 19:05:19,958 [WARN] PackLoader:240 - Cannot read IP mode file for STMicroelectronics.X-CUBE-ALGOBUILD.1.4.0
2025-08-05 19:05:19,993 [WARN] PackLoader:240 - Cannot read IP mode file for STMicroelectronics.X-CUBE-MEMS1.11.3.0
2025-08-05 19:05:20,139 [WARN] PackLoader:240 - Cannot read IP mode file for STMicroelectronics.X-CUBE-PM33A1.1.0.0
2025-08-05 19:05:20,162 [WARN] PackLoader:240 - Cannot read IP mode file for STMicroelectronics.X-CUBE-AZRTOS-F4.1.1.0
2025-08-05 19:05:20,171 [WARN] PackLoader:240 - Cannot read IP mode file for Avnet-IotConnect.X-CUBE-IoTC-DA16k-PMOD.1.0.0
2025-08-05 19:05:20,206 [WARN] PackLoader:240 - Cannot read IP mode file for STMicroelectronics.X-CUBE-ISPU.2.1.0
2025-08-05 19:05:20,219 [WARN] PackLoader:240 - Cannot read IP mode file for STMicroelectronics.X-CUBE-NFC12.1.0.0
2025-08-05 19:05:20,243 [WARN] PackLoader:240 - Cannot read IP mode file for STMicroelectronics.X-CUBE-AZRTOS-L5.2.0.0
2025-08-05 19:05:20,255 [WARN] PackLoader:240 - Cannot read IP mode file for STMicroelectronics.X-CUBE-NFC6.3.1.0
2025-08-05 19:05:20,263 [WARN] PackLoader:240 - Cannot read IP mode file for STMicroelectronics.X-CUBE-FREERTOS.1.3.1
2025-08-05 19:05:20,269 [WARN] PackLoader:240 - Cannot read IP mode file for STMicroelectronics.FP-SNS-STAIOTCFT.1.0.0
2025-08-05 19:05:20,276 [WARN] PackLoader:240 - Cannot read IP mode file for STMicroelectronics.X-CUBE-DPower.1.3.0
2025-08-05 19:05:20,296 [WARN] ConditionMgr:438 - getConditionDescription Invalid condition id : LAN8742 Phy interface Condition cause : null
2025-08-05 19:05:20,297 [WARN] PackLoader:240 - Cannot read IP mode file for STMicroelectronics.X-CUBE-AZRTOS-L4.2.0.0
2025-08-05 19:05:20,298 [WARN] ConditionMgr:1044 - genDependencies : Invalid condition id : LAN8742 Phy interface Condition cause : null
2025-08-05 19:05:20,298 [WARN] ConditionMgr:1044 - genDependencies : Invalid condition id : LAN8742 Phy interface Condition cause : null
2025-08-05 19:05:20,299 [WARN] ConditionMgr:1044 - genDependencies : Invalid condition id : LAN8742 Phy interface Condition cause : null
2025-08-05 19:05:20,307 [WARN] PackLoader:240 - Cannot read IP mode file for STMicroelectronics.X-CUBE-SFXS2LP1.4.0.0
2025-08-05 19:05:20,329 [WARN] PackLoader:240 - Cannot read IP mode file for STMicroelectronics.X-CUBE-AZRTOS-H7.3.3.0
2025-08-05 19:05:20,340 [WARN] PackLoader:240 - Cannot read IP mode file for STMicroelectronics.X-CUBE-BLEMGR.4.1.0
2025-08-05 19:05:20,353 [WARN] ConditionMgr:438 - getConditionDescription Invalid condition id : UX DEVICE CLASS RTOS Condition cause : null
2025-08-05 19:05:20,353 [WARN] ConditionMgr:438 - getConditionDescription Invalid condition id : UX DEVICE CLASS RTOS Condition cause : null
2025-08-05 19:05:20,355 [WARN] PackLoader:240 - Cannot read IP mode file for STMicroelectronics.X-CUBE-AZRTOS-WB.2.0.0
2025-08-05 19:05:20,356 [WARN] ConditionMgr:1044 - genDependencies : Invalid condition id : UX DEVICE CLASS RTOS Condition cause : null
2025-08-05 19:05:20,356 [WARN] ConditionMgr:1044 - genDependencies : Invalid condition id : UX DEVICE CLASS RTOS Condition cause : null
2025-08-05 19:05:20,356 [WARN] ConditionMgr:1044 - genDependencies : Invalid condition id : UX DEVICE CLASS RTOS Condition cause : null
2025-08-05 19:05:20,356 [WARN] ConditionMgr:1044 - genDependencies : Invalid condition id : UX DEVICE CLASS RTOS Condition cause : null
2025-08-05 19:05:20,356 [WARN] ConditionMgr:1044 - genDependencies : Invalid condition id : UX DEVICE CLASS RTOS Condition cause : null
2025-08-05 19:05:20,363 [WARN] PackLoader:240 - Cannot read IP mode file for STMicroelectronics.X-CUBE-GNSS1.7.0.1
2025-08-05 19:05:20,372 [WARN] PackLoader:240 - Cannot read IP mode file for STMicroelectronics.X-CUBE-TOUCHGFX.4.25.0
2025-08-05 19:05:20,377 [WARN] PackLoader:240 - Cannot read IP mode file for STMicroelectronics.FP-SNS-STBOX1.2.0.0
2025-08-05 19:05:20,389 [WARN] PackLoader:240 - Cannot read IP mode file for STMicroelectronics.X-CUBE-SUBG2.5.0.0
2025-08-05 19:05:20,408 [WARN] PackLoader:240 - Cannot read IP mode file for STMicroelectronics.X-CUBE-AZRTOS-H7RS.1.1.0
2025-08-05 19:05:20,416 [WARN] PackLoader:240 - Cannot read IP mode file for Cesanta.I-CUBE-Mongoose.7.13.0
2025-08-05 19:05:20,432 [WARN] PackLoader:240 - Cannot read IP mode file for STMicroelectronics.X-CUBE-AZRTOS-G4.2.0.0
2025-08-05 19:05:20,441 [WARN] PackLoader:240 - Cannot read IP mode file for wolfSSL.I-CUBE-wolfSSH.1.4.20
2025-08-05 19:05:20,447 [WARN] PackLoader:240 - Cannot read IP mode file for STMicroelectronics.X-CUBE-NFC7.2.0.0
2025-08-05 19:05:20,463 [WARN] PackLoader:240 - Cannot read IP mode file for STMicroelectronics.X-CUBE-IPS.3.1.0
2025-08-05 19:05:20,477 [WARN] PackLoader:240 - Cannot read IP mode file for STMicroelectronics.X-CUBE-ALS.1.0.2
2025-08-05 19:05:20,485 [WARN] PackLoader:240 - Cannot read IP mode file for portGmbH.I-Cube-SoM-uGOAL.1.1.0
2025-08-05 19:05:20,497 [WARN] PackLoader:240 - Cannot read IP mode file for STMicroelectronics.X-CUBE-TOF1.3.4.3
2025-08-05 19:05:20,509 [INFO] ThirdParty:978 - Integrity check success = true
2025-08-05 19:05:20,510 [INFO] IntegrityCheckThread:100 - exiting critical section [integrity check]
2025-08-05 19:05:20,510 [INFO] IntegrityCheckThread:103 - End integrity checks thread
