2025-07-21 21:36:40,566 [INFO] Activator:176 - 


2025-07-21 21:36:40,627 [INFO] Activator:177 - !SESSION log4j initialized
2025-07-21 21:36:44,356 [INFO] LogOutputStream:77 - [STDOUT_REDIRECT] 
2025-07-21 21:36:51,547 [INFO] ApplicationProperties:184 - Using Application install path: C:\ST\STM32CubeIDE_1.18.1\STM32CubeIDE\plugins\com.st.stm32cube.common.mx_6.15.0.202507011659
2025-07-21 21:36:51,567 [INFO] DbMcusXml:78 - Set database path to: C:\ST\STM32CubeIDE_1.18.1\STM32CubeIDE\plugins\com.st.stm32cube.common.mx_6.15.0.202507011659\\db\/mcu/
2025-07-21 21:36:51,567 [INFO] ApiDb:274 - Set plugin database path to: C:\ST\STM32CubeIDE_1.18.1\STM32CubeIDE\plugins\com.st.stm32cube.common.mx_6.15.0.202507011659\\db\/plugins/boardmanager/
2025-07-21 21:36:51,568 [WARN] ApiDb:259 - Overriding images path with different value:  => C:\ST\STM32CubeIDE_1.18.1\STM32CubeIDE\plugins\com.st.stm32cube.common.mx_6.15.0.202507011659\\db\/plugins/mcufinder/images/
2025-07-21 21:36:51,577 [INFO] ApiDb:250 - Set database path to: C:\Users\micom\.stmcufinder\plugins\mcufinder//mcu/
2025-07-21 21:36:51,579 [INFO] DbMcusAds:125 - Set database path to: C:\Users\micom\.stmcufinder\plugins\mcufinder//mcu/
2025-07-21 21:36:51,581 [INFO] CrossReferenceDbSqlite:203 - Set database path to: C:\Users\micom\.stmcufinder\plugins\mcufinder//mcu/cs/
2025-07-21 21:36:51,708 [INFO] RulesReader:64 - Compatibility file has been processed (317 Rules)
2025-07-21 21:36:51,829 [INFO] DbMcusXml:78 - Set database path to: C:\ST\STM32CubeIDE_1.18.1\STM32CubeIDE\plugins\com.st.stm32cube.common.mx_6.15.0.202507011659\\db\/mcu/
2025-07-21 21:36:51,830 [INFO] ApiDb:274 - Set plugin database path to: C:\ST\STM32CubeIDE_1.18.1\STM32CubeIDE\plugins\com.st.stm32cube.common.mx_6.15.0.202507011659\\db\/plugins/boardmanager/
2025-07-21 21:36:51,830 [INFO] ApiDb:261 - Set plugin images path to: C:\ST\STM32CubeIDE_1.18.1\STM32CubeIDE\plugins\com.st.stm32cube.common.mx_6.15.0.202507011659\\db\/plugins/mcufinder/images/
2025-07-21 21:36:51,830 [WARN] DbFile:41 - Overriding database path with different value: C:\Users\micom\.stmcufinder\plugins\mcufinder/ => C:\Users\micom\.stmcufinder\plugins\mcufinder
2025-07-21 21:36:51,830 [INFO] ApiDb:250 - Set database path to: C:\Users\micom\.stmcufinder\plugins\mcufinder//mcu/
2025-07-21 21:36:51,830 [WARN] DbFile:41 - Overriding database path with different value: C:\Users\micom\.stmcufinder\plugins\mcufinder/ => C:\Users\micom\.stmcufinder\plugins\mcufinder
2025-07-21 21:36:51,830 [INFO] DbMcusAds:125 - Set database path to: C:\Users\micom\.stmcufinder\plugins\mcufinder//mcu/
2025-07-21 21:36:51,830 [WARN] DbFile:41 - Overriding database path with different value: C:\Users\micom\.stmcufinder\plugins\mcufinder/ => C:\Users\micom\.stmcufinder\plugins\mcufinder
2025-07-21 21:36:51,831 [WARN] DbFile:41 - Overriding database path with different value: C:\Users\micom\.stmcufinder\plugins\mcufinder/ => C:\Users\micom\.stmcufinder\plugins\mcufinder
2025-07-21 21:36:51,831 [INFO] CrossReferenceDbSqlite:203 - Set database path to: C:\Users\micom\.stmcufinder\plugins\mcufinder//mcu/cs/
2025-07-21 21:36:51,922 [INFO] MainPanel:274 - HeapMemory: 268435456
2025-07-21 21:36:52,054 [INFO] DbMcusXml:78 - Set database path to: C:\ST\STM32CubeIDE_1.18.1\STM32CubeIDE\plugins\com.st.stm32cube.common.mx_6.15.0.202507011659\\db\/mcu/
2025-07-21 21:36:52,054 [INFO] ApiDb:274 - Set plugin database path to: C:\ST\STM32CubeIDE_1.18.1\STM32CubeIDE\plugins\com.st.stm32cube.common.mx_6.15.0.202507011659\\db\/plugins/boardmanager/
2025-07-21 21:36:52,055 [INFO] ApiDb:261 - Set plugin images path to: C:\ST\STM32CubeIDE_1.18.1\STM32CubeIDE\plugins\com.st.stm32cube.common.mx_6.15.0.202507011659\\db\/plugins/mcufinder/images/
2025-07-21 21:36:52,055 [WARN] DbFile:41 - Overriding database path with different value: C:\Users\micom\.stmcufinder\plugins\mcufinder/ => C:\Users\micom\.stmcufinder\plugins\mcufinder
2025-07-21 21:36:52,055 [INFO] ApiDb:250 - Set database path to: C:\Users\micom\.stmcufinder\plugins\mcufinder//mcu/
2025-07-21 21:36:52,055 [WARN] DbFile:41 - Overriding database path with different value: C:\Users\micom\.stmcufinder\plugins\mcufinder/ => C:\Users\micom\.stmcufinder\plugins\mcufinder
2025-07-21 21:36:52,055 [INFO] DbMcusAds:125 - Set database path to: C:\Users\micom\.stmcufinder\plugins\mcufinder//mcu/
2025-07-21 21:36:52,056 [WARN] DbFile:41 - Overriding database path with different value: C:\Users\micom\.stmcufinder\plugins\mcufinder/ => C:\Users\micom\.stmcufinder\plugins\mcufinder
2025-07-21 21:36:52,056 [WARN] DbFile:41 - Overriding database path with different value: C:\Users\micom\.stmcufinder\plugins\mcufinder/ => C:\Users\micom\.stmcufinder\plugins\mcufinder
2025-07-21 21:36:52,056 [INFO] CrossReferenceDbSqlite:203 - Set database path to: C:\Users\micom\.stmcufinder\plugins\mcufinder//mcu/cs/
2025-07-21 21:36:52,077 [INFO] ApplicationProperties:184 - Using Application install path: C:\ST\STM32CubeIDE_1.18.1\STM32CubeIDE\plugins\com.st.stm32cube.common.mx_6.15.0.202507011659
2025-07-21 21:36:52,078 [INFO] PluginManage:196 - Search for loadable plugins [exclusion list=, ]
2025-07-21 21:36:52,080 [INFO] PluginManage:310 - Check plugin analytics
2025-07-21 21:36:57,279 [INFO] AnalyticsPlugin:253 - Accepted Software Licenses: 
2025-07-21 21:36:57,279 [INFO] AnalyticsPlugin:255 - Accepted CMSIS Pack Licenses: 
2025-07-21 21:36:57,280 [INFO] AnalyticsPlugin:257 - Accepted Firmware Licenses: 
2025-07-21 21:36:57,284 [INFO] PluginManage:359 - Loaded plugin analytics (category:tool,tabindex:-1)
2025-07-21 21:36:57,284 [INFO] PluginManage:310 - Check plugin cadmodel
2025-07-21 21:36:57,432 [INFO] CADModel:105 - Init CAD model plugin
2025-07-21 21:36:57,432 [INFO] PluginManage:359 - Loaded plugin cadmodel (category:power,tabindex:5)
2025-07-21 21:36:57,432 [INFO] PluginManage:310 - Check plugin clock
2025-07-21 21:36:57,444 [INFO] PluginManage:359 - Loaded plugin clock (category:base,tabindex:2)
2025-07-21 21:36:57,444 [INFO] PluginManage:310 - Check plugin ddr
2025-07-21 21:36:57,448 [INFO] PluginManage:359 - Loaded plugin ddr (category:tool,tabindex:6)
2025-07-21 21:36:57,449 [INFO] PluginManage:310 - Check plugin filemanager
2025-07-21 21:36:57,663 [INFO] PluginManage:359 - Loaded plugin filemanager (category:base,tabindex:10)
2025-07-21 21:36:57,663 [INFO] PluginManage:310 - Check plugin ipmanager
2025-07-21 21:36:57,678 [INFO] PluginManage:359 - Loaded plugin ipmanager (category:base,tabindex:5)
2025-07-21 21:36:57,678 [INFO] PluginManage:310 - Check plugin lpbam
2025-07-21 21:36:57,690 [INFO] PluginManage:359 - Loaded plugin lpbam (category:base,tabindex:0)
2025-07-21 21:36:57,690 [INFO] PluginManage:310 - Check plugin memorymap
2025-07-21 21:36:57,711 [INFO] PluginManage:359 - Loaded plugin memorymap (category:base,tabindex:4)
2025-07-21 21:36:57,711 [INFO] PluginManage:310 - Check plugin pinoutandconfiguration
2025-07-21 21:36:57,724 [INFO] PluginManage:359 - Loaded plugin pinoutandconfiguration (category:base,tabindex:1)
2025-07-21 21:36:57,725 [INFO] PluginManage:310 - Check plugin pinoutconfig
2025-07-21 21:36:57,855 [WARN] SupportedApi:132 - Cannot load RTOS API schema: s4s-elt-must-match.1: The content of 'definitions' must match (annotation?, (simpleType | complexType)?, (unique | key | keyref)*)). A problem was found starting at: attribute.
2025-07-21 21:36:58,072 [INFO] PluginManage:359 - Loaded plugin pinoutconfig (category:base,tabindex:0)
2025-07-21 21:36:58,072 [INFO] PluginManage:310 - Check plugin power
2025-07-21 21:36:58,087 [INFO] PluginManage:359 - Loaded plugin power (category:power,tabindex:4)
2025-07-21 21:36:58,088 [INFO] PluginManage:310 - Check plugin projectmanager
2025-07-21 21:36:58,117 [INFO] PluginManage:359 - Loaded plugin projectmanager (category:projectmanager,tabindex:4)
2025-07-21 21:36:58,117 [INFO] PluginManage:310 - Check plugin rif
2025-07-21 21:36:58,133 [INFO] PluginManage:359 - Loaded plugin rif (category:base,tabindex:3)
2025-07-21 21:36:58,134 [INFO] PluginManage:310 - Check plugin thirdparty
2025-07-21 21:36:58,313 [INFO] PluginManage:359 - Loaded plugin thirdparty (category:base,tabindex:-1)
2025-07-21 21:36:58,313 [WARN] IntegrityCheckThread:84 - waiting for thirdparty lock release [integrity check]
2025-07-21 21:36:58,313 [INFO] PluginManage:310 - Check plugin tools
2025-07-21 21:36:58,313 [INFO] IntegrityCheckThread:86 - entering critical section [integrity check]
2025-07-21 21:36:58,314 [INFO] ThirdPartyUpdaterWithRetryManager:70 - Updater plugin not ready yet. [1/15]
2025-07-21 21:36:58,318 [INFO] PluginManage:359 - Loaded plugin tools (category:base,tabindex:7)
2025-07-21 21:36:58,318 [INFO] PluginManage:310 - Check plugin tutovideos
2025-07-21 21:36:58,524 [INFO] PluginManage:359 - Loaded plugin tutovideos (category:base,tabindex:-1)
2025-07-21 21:36:58,525 [INFO] PluginManage:310 - Check plugin updater
2025-07-21 21:36:58,546 [INFO] PluginManage:359 - Loaded plugin updater (category:base,tabindex:12)
2025-07-21 21:36:58,546 [INFO] PluginManage:310 - Check plugin userauth
2025-07-21 21:36:58,551 [INFO] UserAuth:118 - Init User Auth plugin
2025-07-21 21:36:58,551 [INFO] PluginManage:359 - Loaded plugin userauth (category:base,tabindex:14)
2025-07-21 21:36:58,552 [INFO] PluginManage:283 - PluginManage : Loaded plugins [18]
2025-07-21 21:36:58,779 [INFO] PinOutPanel:1589 - setPackage(No Configuration,No Configuration)
2025-07-21 21:36:58,871 [INFO] CADModel:165 - CPN selected for project level
2025-07-21 21:36:58,871 [INFO] CADModel:114 - Register for checkConnection events
2025-07-21 21:36:58,891 [INFO] IPUIPlugin:80 - create IPUIPlugin
2025-07-21 21:36:58,891 [INFO] PluginManager:220 - loadIPPluginJar : add adc
2025-07-21 21:36:58,895 [INFO] IPUIPlugin:80 - create IPUIPlugin
2025-07-21 21:36:58,895 [INFO] PluginManager:220 - loadIPPluginJar : add aes
2025-07-21 21:36:58,898 [INFO] IPUIPlugin:80 - create IPUIPlugin
2025-07-21 21:36:58,898 [INFO] PluginManager:220 - loadIPPluginJar : add can
2025-07-21 21:36:58,900 [INFO] IPUIPlugin:80 - create IPUIPlugin
2025-07-21 21:36:58,901 [INFO] PluginManager:220 - loadIPPluginJar : add comp
2025-07-21 21:36:58,903 [INFO] IPUIPlugin:80 - create IPUIPlugin
2025-07-21 21:36:58,903 [INFO] PluginManager:220 - loadIPPluginJar : add cryp
2025-07-21 21:36:58,907 [INFO] IPUIPlugin:80 - create IPUIPlugin
2025-07-21 21:36:58,907 [INFO] PluginManager:220 - loadIPPluginJar : add ddr_ctrl_phy
2025-07-21 21:36:58,910 [INFO] IPUIPlugin:80 - create IPUIPlugin
2025-07-21 21:36:58,910 [INFO] PluginManager:220 - loadIPPluginJar : add dfsdm
2025-07-21 21:36:58,917 [INFO] IPUIPlugin:80 - create IPUIPlugin
2025-07-21 21:36:58,919 [INFO] PluginManager:220 - loadIPPluginJar : add dma
2025-07-21 21:36:58,922 [INFO] IPUIPlugin:80 - create IPUIPlugin
2025-07-21 21:36:58,923 [INFO] PluginManager:220 - loadIPPluginJar : add dma3
2025-07-21 21:36:58,926 [INFO] IPUIPlugin:80 - create IPUIPlugin
2025-07-21 21:36:58,926 [INFO] PluginManager:220 - loadIPPluginJar : add extmemmanager
2025-07-21 21:36:58,928 [INFO] IPUIPlugin:80 - create IPUIPlugin
2025-07-21 21:36:58,928 [INFO] PluginManager:220 - loadIPPluginJar : add fatfs
2025-07-21 21:36:58,932 [INFO] IPUIPlugin:80 - create IPUIPlugin
2025-07-21 21:36:58,933 [INFO] PluginManager:220 - loadIPPluginJar : add fmc
2025-07-21 21:36:58,942 [INFO] IPUIPlugin:80 - create IPUIPlugin
2025-07-21 21:36:58,942 [INFO] PluginManager:220 - loadIPPluginJar : add freertos
2025-07-21 21:36:58,943 [INFO] IPUIPlugin:80 - create IPUIPlugin
2025-07-21 21:36:58,944 [INFO] PluginManager:220 - loadIPPluginJar : add genericplugin
2025-07-21 21:36:58,946 [INFO] IPUIPlugin:80 - create IPUIPlugin
2025-07-21 21:36:58,947 [INFO] PluginManager:220 - loadIPPluginJar : add gfxmmu
2025-07-21 21:36:58,951 [INFO] IPUIPlugin:80 - create IPUIPlugin
2025-07-21 21:36:58,951 [INFO] PluginManager:220 - loadIPPluginJar : add gic
2025-07-21 21:36:58,956 [INFO] IPUIPlugin:80 - create IPUIPlugin
2025-07-21 21:36:58,956 [INFO] PluginManager:220 - loadIPPluginJar : add gpio
2025-07-21 21:36:58,959 [INFO] IPUIPlugin:80 - create IPUIPlugin
2025-07-21 21:36:58,960 [INFO] PluginManager:220 - loadIPPluginJar : add gtzc
2025-07-21 21:36:58,962 [INFO] IPUIPlugin:80 - create IPUIPlugin
2025-07-21 21:36:58,963 [INFO] PluginManager:220 - loadIPPluginJar : add hash
2025-07-21 21:36:58,966 [INFO] IPUIPlugin:80 - create IPUIPlugin
2025-07-21 21:36:58,966 [INFO] PluginManager:220 - loadIPPluginJar : add i2c
2025-07-21 21:36:58,969 [INFO] IPUIPlugin:80 - create IPUIPlugin
2025-07-21 21:36:58,970 [INFO] PluginManager:220 - loadIPPluginJar : add i2s
2025-07-21 21:36:58,973 [INFO] IPUIPlugin:80 - create IPUIPlugin
2025-07-21 21:36:58,973 [INFO] PluginManager:220 - loadIPPluginJar : add i3c
2025-07-21 21:36:58,976 [INFO] IPUIPlugin:80 - create IPUIPlugin
2025-07-21 21:36:58,976 [INFO] PluginManager:220 - loadIPPluginJar : add ipddr
2025-07-21 21:36:58,983 [INFO] IPUIPlugin:80 - create IPUIPlugin
2025-07-21 21:36:58,984 [INFO] PluginManager:220 - loadIPPluginJar : add linkedlist
2025-07-21 21:36:58,987 [INFO] IPUIPlugin:80 - create IPUIPlugin
2025-07-21 21:36:58,988 [INFO] PluginManager:220 - loadIPPluginJar : add lorawan
2025-07-21 21:36:58,989 [INFO] IPUIPlugin:80 - create IPUIPlugin
2025-07-21 21:36:58,990 [INFO] PluginManager:220 - loadIPPluginJar : add ltdc
2025-07-21 21:36:58,996 [INFO] IPUIPlugin:80 - create IPUIPlugin
2025-07-21 21:36:58,996 [INFO] PluginManager:220 - loadIPPluginJar : add mdma
2025-07-21 21:36:59,000 [INFO] IPUIPlugin:80 - create IPUIPlugin
2025-07-21 21:36:59,000 [INFO] PluginManager:220 - loadIPPluginJar : add nvic
2025-07-21 21:36:59,004 [INFO] IPUIPlugin:80 - create IPUIPlugin
2025-07-21 21:36:59,004 [INFO] PluginManager:220 - loadIPPluginJar : add opamp
2025-07-21 21:36:59,008 [INFO] IPUIPlugin:80 - create IPUIPlugin
2025-07-21 21:36:59,008 [INFO] PluginManager:220 - loadIPPluginJar : add openamp
2025-07-21 21:36:59,011 [INFO] IPUIPlugin:80 - create IPUIPlugin
2025-07-21 21:36:59,011 [INFO] PluginManager:220 - loadIPPluginJar : add pdm2pcm
2025-07-21 21:36:59,020 [INFO] IPUIPlugin:80 - create IPUIPlugin
2025-07-21 21:36:59,023 [INFO] PluginManager:220 - loadIPPluginJar : add plateformsettings
2025-07-21 21:36:59,025 [INFO] IPUIPlugin:80 - create IPUIPlugin
2025-07-21 21:36:59,025 [INFO] PluginManager:220 - loadIPPluginJar : add quadspi
2025-07-21 21:36:59,027 [INFO] IPUIPlugin:80 - create IPUIPlugin
2025-07-21 21:36:59,027 [INFO] PluginManager:220 - loadIPPluginJar : add radio
2025-07-21 21:36:59,031 [INFO] IPUIPlugin:80 - create IPUIPlugin
2025-07-21 21:36:59,031 [INFO] PluginManager:220 - loadIPPluginJar : add resmgrutility
2025-07-21 21:36:59,036 [INFO] IPUIPlugin:80 - create IPUIPlugin
2025-07-21 21:36:59,036 [INFO] PluginManager:220 - loadIPPluginJar : add sai
2025-07-21 21:36:59,039 [INFO] IPUIPlugin:80 - create IPUIPlugin
2025-07-21 21:36:59,039 [INFO] PluginManager:220 - loadIPPluginJar : add spi
2025-07-21 21:36:59,044 [INFO] IPUIPlugin:80 - create IPUIPlugin
2025-07-21 21:36:59,044 [INFO] PluginManager:220 - loadIPPluginJar : add stm32_wpan
2025-07-21 21:36:59,047 [INFO] IPUIPlugin:80 - create IPUIPlugin
2025-07-21 21:36:59,047 [INFO] PluginManager:220 - loadIPPluginJar : add tim
2025-07-21 21:36:59,050 [INFO] IPUIPlugin:80 - create IPUIPlugin
2025-07-21 21:36:59,051 [INFO] PluginManager:220 - loadIPPluginJar : add touchsensing
2025-07-21 21:36:59,054 [INFO] IPUIPlugin:80 - create IPUIPlugin
2025-07-21 21:36:59,054 [INFO] PluginManager:220 - loadIPPluginJar : add tracer_emb
2025-07-21 21:36:59,056 [INFO] IPUIPlugin:80 - create IPUIPlugin
2025-07-21 21:36:59,056 [INFO] PluginManager:220 - loadIPPluginJar : add ts
2025-07-21 21:36:59,059 [INFO] IPUIPlugin:80 - create IPUIPlugin
2025-07-21 21:36:59,059 [INFO] PluginManager:220 - loadIPPluginJar : add tsc
2025-07-21 21:36:59,061 [INFO] IPUIPlugin:80 - create IPUIPlugin
2025-07-21 21:36:59,061 [INFO] PluginManager:220 - loadIPPluginJar : add ucpd
2025-07-21 21:36:59,065 [INFO] IPUIPlugin:80 - create IPUIPlugin
2025-07-21 21:36:59,065 [INFO] PluginManager:220 - loadIPPluginJar : add usart
2025-07-21 21:36:59,068 [INFO] IPUIPlugin:80 - create IPUIPlugin
2025-07-21 21:36:59,068 [INFO] PluginManager:220 - loadIPPluginJar : add usbx
2025-07-21 21:36:59,202 [FATAL] Updater:351 - Updater called before beeing initialized
2025-07-21 21:36:59,229 [INFO] RulesReader:64 - Compatibility file has been processed (317 Rules)
2025-07-21 21:36:59,242 [INFO] RulesReader:64 - Compatibility file has been processed (317 Rules)
2025-07-21 21:36:59,252 [INFO] CADModel:165 - CPN selected for project level
2025-07-21 21:36:59,252 [INFO] CADModel:114 - Register for checkConnection events
2025-07-21 21:36:59,252 [FATAL] Updater:351 - Updater called before beeing initialized
2025-07-21 21:36:59,252 [ERROR] CADModel:125 - Updater not yet initialized, retry later 
2025-07-21 21:36:59,420 [FATAL] Updater:351 - Updater called before beeing initialized
2025-07-21 21:36:59,422 [INFO] CADModel:165 - CPN selected for project level
2025-07-21 21:36:59,422 [INFO] CADModel:114 - Register for checkConnection events
2025-07-21 21:36:59,422 [FATAL] Updater:351 - Updater called before beeing initialized
2025-07-21 21:36:59,422 [ERROR] CADModel:125 - Updater not yet initialized, retry later 
2025-07-21 21:36:59,425 [FATAL] Updater:351 - Updater called before beeing initialized
2025-07-21 21:36:59,522 [FATAL] Updater:351 - Updater called before beeing initialized
2025-07-21 21:36:59,525 [INFO] DbMcusAds:53 - JSON generation date=Wed Sep 29 23:55:09 PDT 2021 (1632984909247)
2025-07-21 21:36:59,525 [FATAL] Updater:351 - Updater called before beeing initialized
2025-07-21 21:36:59,564 [WARN] DetailPanel:346 - Failed to get advertising image, set to default
2025-07-21 21:36:59,654 [FATAL] Updater:351 - Updater called before beeing initialized
2025-07-21 21:36:59,656 [FATAL] Updater:351 - Updater called before beeing initialized
2025-07-21 21:36:59,656 [FATAL] Updater:351 - Updater called before beeing initialized
2025-07-21 21:36:59,657 [WARN] DetailPanel:346 - Failed to get advertising image, set to default
2025-07-21 21:36:59,658 [FATAL] Updater:351 - Updater called before beeing initialized
2025-07-21 21:36:59,707 [ERROR] Updater:1198 - MainUpdater not yet initialized. External WinMGr cannot be set.
2025-07-21 21:36:59,709 [INFO] Updater:1134 - Updater Version found : 6.15.0
2025-07-21 21:36:59,725 [INFO] ApplicationProperties:184 - Using Application install path: C:\ST\STM32CubeIDE_1.18.1\STM32CubeIDE\plugins\com.st.stm32cube.common.mx_6.15.0.202507011659
2025-07-21 21:37:00,217 [INFO] MainUpdater:2872 - connection check result : 10
2025-07-21 21:37:00,217 [INFO] MainUpdater:289 - Updater Check For Update Now.
2025-07-21 21:37:00,218 [INFO] MicroXplorer:498 - Change Database Version : DB.6.0.150
2025-07-21 21:37:00,225 [INFO] McuFinderGlobals:63 - Set McuFinder mode to 2 (CubeIDE integrated)
2025-07-21 21:37:00,225 [INFO] UserAuth:171 - activating auth plugin
2025-07-21 21:37:00,230 [INFO] UserAuth:487 - Internet connection configuration mode: 1
2025-07-21 21:37:00,277 [INFO] JxBrowserEngine:152 - Initiate JxBrowser Engine with user profile folder
2025-07-21 21:37:00,419 [INFO] CheckServerUpdateThread:120 - End of CheckServer Thread
2025-07-21 21:37:01,516 [INFO] WebApp:169 - Instantiating new browser for Auth
2025-07-21 21:37:01,659 [WARN] PackLoader:240 - Cannot read IP mode file for STMicroelectronics.FP-SNS-MOTENVWB1.1.4.0
2025-07-21 21:37:01,668 [WARN] PackLoader:240 - Cannot read IP mode file for STMicroelectronics.FP-ATR-ASTRA1.2.0.2
2025-07-21 21:37:01,679 [WARN] PackLoader:240 - Cannot read IP mode file for STMicroelectronics.X-CUBE-SMBUS.2.1.0
2025-07-21 21:37:01,686 [WARN] PackLoader:240 - Cannot read IP mode file for STMicroelectronics.X-CUBE-ST60.1.0.0
2025-07-21 21:37:01,727 [WARN] PackLoader:240 - Cannot read IP mode file for STMicroelectronics.X-CUBE-AZRTOS-F7.1.1.0
2025-07-21 21:37:01,767 [WARN] PackLoader:240 - Cannot read IP mode file for Infineon.AIROC-Wi-Fi-Bluetooth-STM32.1.7.0
2025-07-21 21:37:01,806 [WARN] PackLoader:240 - Cannot read IP mode file for STMicroelectronics.X-CUBE-AZRTOS-H7.3.4.0
2025-07-21 21:37:01,819 [WARN] PackLoader:240 - Cannot read IP mode file for STMicroelectronics.X-CUBE-DISPLAY.3.0.0
2025-07-21 21:37:01,839 [WARN] PackLoader:240 - Cannot read IP mode file for STMicroelectronics.X-CUBE-NFC10.1.0.0
2025-07-21 21:37:01,853 [WARN] PackLoader:240 - Cannot read IP mode file for STMicroelectronics.X-CUBE-BLEMGR.4.0.0
2025-07-21 21:37:01,862 [WARN] PackLoader:240 - Cannot read IP mode file for emotas.I-CUBE-CANOPEN.1.3.0
2025-07-21 21:37:01,869 [WARN] ConditionMgr:438 - getConditionDescription Invalid condition id : Cortex-A Device cause : null
2025-07-21 21:37:01,890 [WARN] ConditionMgr:1044 - genDependencies : Invalid condition id : Cortex-A Device cause : null
2025-07-21 21:37:01,890 [WARN] ConditionMgr:1044 - genDependencies : Invalid condition id : Cortex-A Device cause : null
2025-07-21 21:37:01,890 [WARN] ConditionMgr:1044 - genDependencies : Invalid condition id : Cortex-A Device cause : null
2025-07-21 21:37:01,897 [WARN] PackLoader:240 - Cannot read IP mode file for STMicroelectronics.FP-SNS-SMARTAG2.1.2.0
2025-07-21 21:37:01,902 [WARN] PackLoader:240 - Cannot read IP mode file for STMicroelectronics.FP-SNS-FLIGHT1.5.1.0
2025-07-21 21:37:01,913 [INFO] LogOutputStream:77 - [STDOUT_REDIRECT] 1 : Invalid condition id : UX_CORESTACK_Condition cause : null
2025-07-21 21:37:01,915 [INFO] LogOutputStream:77 - [STDOUT_REDIRECT] 1 : Invalid condition id : UX_CORESTACK_Condition cause : null
2025-07-21 21:37:01,917 [INFO] LogOutputStream:77 - [STDOUT_REDIRECT] 1 : Invalid condition id : UX_CORESTACK_Condition cause : null
2025-07-21 21:37:01,919 [INFO] LogOutputStream:77 - [STDOUT_REDIRECT] 1 : Invalid condition id : UX_CORESTACK_Condition cause : null
2025-07-21 21:37:01,921 [INFO] LogOutputStream:77 - [STDOUT_REDIRECT] 1 : Invalid condition id : UX_CORESTACK_Condition cause : null
2025-07-21 21:37:01,924 [WARN] PackLoader:240 - Cannot read IP mode file for STMicroelectronics.X-CUBE-AZRTOS-WL.2.0.0
2025-07-21 21:37:01,931 [WARN] PackLoader:240 - Cannot read IP mode file for STMicroelectronics.FP-SNS-MOTENV1.5.0.0
2025-07-21 21:37:01,945 [WARN] PackLoader:240 - Cannot read IP mode file for WES.I-CUBE-Cesium.1.3.0
2025-07-21 21:37:01,952 [WARN] PackLoader:240 - Cannot read IP mode file for STMicroelectronics.X-CUBE-BLE2.3.3.0
2025-07-21 21:37:01,959 [WARN] PackLoader:240 - Cannot read IP mode file for STMicroelectronics.X-CUBE-NFC9.1.0.0
2025-07-21 21:37:01,966 [WARN] PackLoader:240 - Cannot read IP mode file for wolfSSL.I-CUBE-wolfSSL.5.8.0
2025-07-21 21:37:01,972 [WARN] PackLoader:240 - Cannot read IP mode file for STMicroelectronics.X-CUBE-BLE1.7.1.0
2025-07-21 21:37:01,977 [WARN] PackLoader:240 - Cannot read IP mode file for wolfSSL.I-CUBE-wolfMQTT.1.19.2
2025-07-21 21:37:01,983 [WARN] PackLoader:240 - Cannot read IP mode file for STMicroelectronics.X-CUBE-EEPRMA1.5.2.0
2025-07-21 21:37:01,989 [WARN] PackLoader:240 - Cannot read IP mode file for STMicroelectronics.X-CUBE-AI.10.1.0
2025-07-21 21:37:02,002 [WARN] PackLoader:240 - Cannot read IP mode file for STMicroelectronics.X-CUBE-AZRTOS-G0.1.1.0
2025-07-21 21:37:02,009 [WARN] PackLoader:240 - Cannot read IP mode file for STMicroelectronics.X-CUBE-SAFEA1.1.2.2
2025-07-21 21:37:02,015 [WARN] PackLoader:240 - Cannot read IP mode file for STMicroelectronics.X-CUBE-NFC4.3.0.0
2025-07-21 21:37:02,023 [WARN] PackLoader:240 - Cannot read IP mode file for EmbeddedOffice.I-CUBE-FS-RTOS.1.0.1
2025-07-21 21:37:02,030 [WARN] PackLoader:240 - Cannot read IP mode file for STMicroelectronics.X-CUBE-WB05N.2.0.0
2025-07-21 21:37:02,034 [WARN] PackLoader:240 - Cannot read IP mode file for wolfSSL.I-CUBE-wolfTPM.3.8.0
2025-07-21 21:37:02,040 [WARN] PackLoader:240 - Cannot read IP mode file for STMicroelectronics.X-CUBE-TCPP.4.2.0
2025-07-21 21:37:02,046 [WARN] PackLoader:240 - Cannot read IP mode file for RealThread.X-CUBE-RT-Thread_Nano.4.1.1
2025-07-21 21:37:02,051 [WARN] PackLoader:240 - Cannot read IP mode file for STMicroelectronics.FP-ATR-SIGFOX1.3.2.0
2025-07-21 21:37:02,055 [WARN] PackLoader:240 - Cannot read IP mode file for STMicroelectronics.X-CUBE-EEPRMA1.5.1.0
2025-07-21 21:37:02,064 [WARN] PackLoader:240 - Cannot read IP mode file for ITTIA_DB.I-CUBE-ITTIADB.8.9.0
2025-07-21 21:37:02,074 [WARN] PackLoader:240 - Cannot read IP mode file for STMicroelectronics.X-CUBE-ST67W61.1.0.0
2025-07-21 21:37:02,104 [WARN] PackLoader:240 - Cannot read IP mode file for SEGGER.I-CUBE-embOS.1.3.1
2025-07-21 21:37:02,175 [WARN] PackLoader:240 - Cannot read IP mode file for STMicroelectronics.X-CUBE-ALGOBUILD.1.4.0
2025-07-21 21:37:02,224 [WARN] PackLoader:240 - Cannot read IP mode file for STMicroelectronics.X-CUBE-MEMS1.11.3.0
2025-07-21 21:37:02,348 [WARN] PackLoader:240 - Cannot read IP mode file for STMicroelectronics.X-CUBE-PM33A1.1.0.0
2025-07-21 21:37:02,368 [WARN] PackLoader:240 - Cannot read IP mode file for STMicroelectronics.X-CUBE-AZRTOS-F4.1.1.0
2025-07-21 21:37:02,376 [WARN] PackLoader:240 - Cannot read IP mode file for Avnet-IotConnect.X-CUBE-IoTC-DA16k-PMOD.1.0.0
2025-07-21 21:37:02,383 [WARN] PackLoader:240 - Cannot read IP mode file for STMicroelectronics.X-CUBE-ISPU.2.1.0
2025-07-21 21:37:02,393 [WARN] PackLoader:240 - Cannot read IP mode file for STMicroelectronics.X-CUBE-NFC12.1.0.0
2025-07-21 21:37:02,441 [WARN] PackLoader:240 - Cannot read IP mode file for STMicroelectronics.X-CUBE-AZRTOS-L5.2.0.0
2025-07-21 21:37:02,453 [WARN] PackLoader:240 - Cannot read IP mode file for STMicroelectronics.X-CUBE-NFC6.3.1.0
2025-07-21 21:37:02,461 [WARN] PackLoader:240 - Cannot read IP mode file for STMicroelectronics.X-CUBE-FREERTOS.1.3.1
2025-07-21 21:37:02,466 [WARN] PackLoader:240 - Cannot read IP mode file for STMicroelectronics.FP-SNS-STAIOTCFT.1.0.0
2025-07-21 21:37:02,471 [WARN] PackLoader:240 - Cannot read IP mode file for STMicroelectronics.X-CUBE-DPower.1.3.0
2025-07-21 21:37:02,484 [WARN] ConditionMgr:438 - getConditionDescription Invalid condition id : LAN8742 Phy interface Condition cause : null
2025-07-21 21:37:02,484 [WARN] PackLoader:240 - Cannot read IP mode file for STMicroelectronics.X-CUBE-AZRTOS-L4.2.0.0
2025-07-21 21:37:02,485 [WARN] ConditionMgr:1044 - genDependencies : Invalid condition id : LAN8742 Phy interface Condition cause : null
2025-07-21 21:37:02,485 [WARN] ConditionMgr:1044 - genDependencies : Invalid condition id : LAN8742 Phy interface Condition cause : null
2025-07-21 21:37:02,486 [WARN] ConditionMgr:1044 - genDependencies : Invalid condition id : LAN8742 Phy interface Condition cause : null
2025-07-21 21:37:02,492 [WARN] PackLoader:240 - Cannot read IP mode file for STMicroelectronics.X-CUBE-SFXS2LP1.4.0.0
2025-07-21 21:37:02,508 [WARN] PackLoader:240 - Cannot read IP mode file for STMicroelectronics.X-CUBE-AZRTOS-H7.3.3.0
2025-07-21 21:37:02,518 [WARN] PackLoader:240 - Cannot read IP mode file for STMicroelectronics.X-CUBE-BLEMGR.4.1.0
2025-07-21 21:37:02,531 [WARN] ConditionMgr:438 - getConditionDescription Invalid condition id : UX DEVICE CLASS RTOS Condition cause : null
2025-07-21 21:37:02,531 [WARN] ConditionMgr:438 - getConditionDescription Invalid condition id : UX DEVICE CLASS RTOS Condition cause : null
2025-07-21 21:37:02,532 [WARN] PackLoader:240 - Cannot read IP mode file for STMicroelectronics.X-CUBE-AZRTOS-WB.2.0.0
2025-07-21 21:37:02,533 [WARN] ConditionMgr:1044 - genDependencies : Invalid condition id : UX DEVICE CLASS RTOS Condition cause : null
2025-07-21 21:37:02,533 [WARN] ConditionMgr:1044 - genDependencies : Invalid condition id : UX DEVICE CLASS RTOS Condition cause : null
2025-07-21 21:37:02,533 [WARN] ConditionMgr:1044 - genDependencies : Invalid condition id : UX DEVICE CLASS RTOS Condition cause : null
2025-07-21 21:37:02,533 [WARN] ConditionMgr:1044 - genDependencies : Invalid condition id : UX DEVICE CLASS RTOS Condition cause : null
2025-07-21 21:37:02,533 [WARN] ConditionMgr:1044 - genDependencies : Invalid condition id : UX DEVICE CLASS RTOS Condition cause : null
2025-07-21 21:37:02,539 [WARN] PackLoader:240 - Cannot read IP mode file for STMicroelectronics.X-CUBE-GNSS1.7.0.1
2025-07-21 21:37:02,549 [WARN] PackLoader:240 - Cannot read IP mode file for STMicroelectronics.X-CUBE-TOUCHGFX.4.25.0
2025-07-21 21:37:02,554 [WARN] PackLoader:240 - Cannot read IP mode file for STMicroelectronics.FP-SNS-STBOX1.2.0.0
2025-07-21 21:37:02,566 [WARN] PackLoader:240 - Cannot read IP mode file for STMicroelectronics.X-CUBE-SUBG2.5.0.0
2025-07-21 21:37:02,588 [WARN] PackLoader:240 - Cannot read IP mode file for STMicroelectronics.X-CUBE-AZRTOS-H7RS.1.1.0
2025-07-21 21:37:02,595 [WARN] PackLoader:240 - Cannot read IP mode file for Cesanta.I-CUBE-Mongoose.7.13.0
2025-07-21 21:37:02,609 [WARN] PackLoader:240 - Cannot read IP mode file for STMicroelectronics.X-CUBE-AZRTOS-G4.2.0.0
2025-07-21 21:37:02,615 [WARN] PackLoader:240 - Cannot read IP mode file for wolfSSL.I-CUBE-wolfSSH.1.4.20
2025-07-21 21:37:02,622 [WARN] PackLoader:240 - Cannot read IP mode file for STMicroelectronics.X-CUBE-NFC7.2.0.0
2025-07-21 21:37:02,639 [WARN] PackLoader:240 - Cannot read IP mode file for STMicroelectronics.X-CUBE-IPS.3.1.0
2025-07-21 21:37:02,653 [WARN] PackLoader:240 - Cannot read IP mode file for STMicroelectronics.X-CUBE-ALS.1.0.2
2025-07-21 21:37:02,660 [WARN] PackLoader:240 - Cannot read IP mode file for portGmbH.I-Cube-SoM-uGOAL.1.1.0
2025-07-21 21:37:02,671 [WARN] PackLoader:240 - Cannot read IP mode file for STMicroelectronics.X-CUBE-TOF1.3.4.3
2025-07-21 21:37:02,688 [INFO] ThirdParty:978 - Integrity check success = true
2025-07-21 21:37:02,689 [INFO] IntegrityCheckThread:100 - exiting critical section [integrity check]
2025-07-21 21:37:02,689 [INFO] IntegrityCheckThread:103 - End integrity checks thread
2025-07-21 21:37:03,705 [INFO] WebApp:463 - Apply proxy settings
2025-07-21 21:37:03,706 [INFO] WebApp:548 - Chromium requires no authentication
2025-07-21 21:37:03,718 [INFO] WebApp:491 - Direct internet connection detected
2025-07-21 21:37:03,753 [INFO] WebApp:900 - Register for checkConnection events
2025-07-21 21:37:03,753 [INFO] WebApp:463 - Apply proxy settings
2025-07-21 21:37:03,753 [INFO] WebApp:548 - Chromium requires no authentication
2025-07-21 21:37:03,754 [INFO] WebApp:491 - Direct internet connection detected
2025-07-21 21:37:03,916 [INFO] WebApp:191 - Connection restablished
2025-07-21 21:37:03,988 [INFO] WebApp:225 - Starting web application
2025-07-21 21:37:03,988 [INFO] WebApp:593 - Web application path used C:\ST\STM32CubeIDE_1.18.1\STM32CubeIDE\plugins\com.st.stm32cube.common.mx_6.15.0.202507011659\db\plugins\mcufinder\reactClient1\index.html
2025-07-21 21:41:11,390 [ERROR] LogOutputStream:75 - [STDERR_REDIRECT] 
